2018-07-24 21:13:59 [INFO]-[org.springframework.web.context.ContextLoader] Root WebApplicationContext: initialization started
  2018-07-24 21:13:59 [INFO]-[org.springframework.web.context.support.XmlWebApplicationContext] Refreshing Root WebApplicationContext: startup date [Tue Jul 24 21:13:59 CST 2018]; root of context hierarchy
  2018-07-24 21:13:59 [INFO]-[org.springframework.beans.factory.xml.XmlBeanDefinitionReader] Loading XML bean definitions from class path resource [ApplicationContext.xml]
  2018-07-24 21:13:59 [INFO]-[org.springframework.beans.factory.annotation.AutowiredAnnotationBeanPostProcessor] JSR-330 'javax.inject.Inject' annotation found and supported for autowiring
  2018-07-24 21:14:01 [INFO]-[org.springframework.web.context.ContextLoader] Root WebApplicationContext: initialization completed in 2723 ms
  2018-07-24 21:14:02 [INFO]-[org.springframework.web.servlet.DispatcherServlet] FrameworkServlet 'dispatcherServlet': initialization started
  2018-07-24 21:14:02 [INFO]-[org.springframework.web.context.support.XmlWebApplicationContext] Refreshing WebApplicationContext for namespace 'dispatcherServlet-servlet': startup date [Tue Jul 24 21:14:02 CST 2018]; parent: Root WebApplicationContext
  2018-07-24 21:14:02 [INFO]-[org.springframework.beans.factory.xml.XmlBeanDefinitionReader] Loading XML bean definitions from ServletContext resource [/WEB-INF/dispatcherServlet-servlet.xml]
  2018-07-24 21:14:02 [INFO]-[org.springframework.beans.factory.annotation.AutowiredAnnotationBeanPostProcessor] JSR-330 'javax.inject.Inject' annotation found and supported for autowiring
  2018-07-24 21:14:03 [INFO]-[org.springframework.web.servlet.handler.SimpleUrlHandlerMapping] Mapped URL path [/**] onto handler 'org.springframework.web.servlet.resource.DefaultServletHttpRequestHandler#0'
  2018-07-24 21:14:03 [INFO]-[org.springframework.web.servlet.mvc.method.annotation.RequestMappingHandlerMapping] Mapped "{[/dept/list],methods=[GET]}" onto public com.kaisn.pojo.Msg com.kaisn.controller.DepartmentController.getDepartmentList(javax.servlet.http.HttpServletRequest,javax.servlet.http.HttpServletResponse)
  2018-07-24 21:14:03 [INFO]-[org.springframework.web.servlet.mvc.method.annotation.RequestMappingHandlerMapping] Mapped "{[/emp/download/{mode}],methods=[GET]}" onto public com.kaisn.pojo.Msg com.kaisn.controller.EmployeeController.download(java.lang.String,javax.servlet.http.HttpServletRequest,javax.servlet.http.HttpServletResponse)
  2018-07-24 21:14:03 [INFO]-[org.springframework.web.servlet.mvc.method.annotation.RequestMappingHandlerMapping] Mapped "{[/emp/upload],methods=[POST]}" onto public com.kaisn.pojo.Msg com.kaisn.controller.EmployeeController.upload(org.springframework.web.multipart.MultipartFile,javax.servlet.http.HttpServletRequest)
  2018-07-24 21:14:03 [INFO]-[org.springframework.web.servlet.mvc.method.annotation.RequestMappingHandlerMapping] Mapped "{[/emp/save],methods=[POST]}" onto public com.kaisn.pojo.Msg com.kaisn.controller.EmployeeController.saveEmployee(com.kaisn.pojo.Employee,org.springframework.validation.BindingResult,javax.servlet.http.HttpServletRequest,javax.servlet.http.HttpServletResponse)
  2018-07-24 21:14:03 [INFO]-[org.springframework.web.servlet.mvc.method.annotation.RequestMappingHandlerMapping] Mapped "{[/emp/info/{empId}],methods=[GET]}" onto public com.kaisn.pojo.Msg com.kaisn.controller.EmployeeController.getEmployeeInfo(java.lang.Long,javax.servlet.http.HttpServletRequest,javax.servlet.http.HttpServletResponse)
  2018-07-24 21:14:03 [INFO]-[org.springframework.web.servlet.mvc.method.annotation.RequestMappingHandlerMapping] Mapped "{[/emp/list],methods=[GET]}" onto public com.kaisn.pojo.Msg com.kaisn.controller.EmployeeController.getEmployeeList(javax.servlet.http.HttpServletRequest,javax.servlet.http.HttpServletResponse)
  2018-07-24 21:14:03 [INFO]-[org.springframework.web.servlet.mvc.method.annotation.RequestMappingHandlerMapping] Mapped "{[/emp/update/{empId}],methods=[PUT]}" onto public com.kaisn.pojo.Msg com.kaisn.controller.EmployeeController.updateEmployee(com.kaisn.pojo.Employee,org.springframework.validation.BindingResult,javax.servlet.http.HttpServletRequest,javax.servlet.http.HttpServletResponse)
  2018-07-24 21:14:03 [INFO]-[org.springframework.web.servlet.mvc.method.annotation.RequestMappingHandlerMapping] Mapped "{[/emp/dels],methods=[DELETE]}" onto public com.kaisn.pojo.Msg com.kaisn.controller.EmployeeController.delEmployee(java.lang.String[],javax.servlet.http.HttpServletRequest,javax.servlet.http.HttpServletResponse)
  2018-07-24 21:14:03 [INFO]-[org.springframework.web.servlet.mvc.method.annotation.RequestMappingHandlerMapping] Mapped "{[/emp/checkName],methods=[POST]}" onto public com.kaisn.pojo.Msg com.kaisn.controller.EmployeeController.checkEmpName(java.lang.String,javax.servlet.http.HttpServletRequest,javax.servlet.http.HttpServletResponse)
  2018-07-24 21:14:03 [INFO]-[org.springframework.web.servlet.mvc.method.annotation.RequestMappingHandlerMapping] Mapped "{[/emp/list/{curPage}],methods=[POST]}" onto public com.kaisn.pojo.Msg com.kaisn.controller.EmployeeController.getEmployeeLists(int,com.kaisn.pojo.Employee)
  2018-07-24 21:14:03 [INFO]-[org.springframework.web.servlet.mvc.method.annotation.RequestMappingHandlerMapping] Mapped "{[/{pageName}],methods=[GET]}" onto public java.lang.String com.kaisn.controller.PageController.goHome(java.lang.String)
  2018-07-24 21:14:03 [INFO]-[org.springframework.web.servlet.mvc.method.annotation.RequestMappingHandlerMapping] Mapped "{[/pos/list],methods=[GET]}" onto public com.kaisn.pojo.Msg com.kaisn.controller.PositionController.getPositionList(javax.servlet.http.HttpServletRequest,javax.servlet.http.HttpServletResponse)
  2018-07-24 21:14:03 [INFO]-[org.hibernate.validator.internal.util.Version] HV000001: Hibernate Validator 5.4.1.Final
  2018-07-24 21:14:04 [INFO]-[org.springframework.web.servlet.mvc.method.annotation.RequestMappingHandlerAdapter] Looking for @ControllerAdvice: WebApplicationContext for namespace 'dispatcherServlet-servlet': startup date [Tue Jul 24 21:14:02 CST 2018]; parent: Root WebApplicationContext
  2018-07-24 21:14:04 [INFO]-[org.springframework.web.servlet.mvc.method.annotation.RequestMappingHandlerAdapter] Looking for @ControllerAdvice: WebApplicationContext for namespace 'dispatcherServlet-servlet': startup date [Tue Jul 24 21:14:02 CST 2018]; parent: Root WebApplicationContext
  2018-07-24 21:14:04 [INFO]-[org.springframework.web.servlet.handler.SimpleUrlHandlerMapping] Mapped URL path [/asset/**] onto handler 'org.springframework.web.servlet.resource.ResourceHttpRequestHandler#0'
  2018-07-24 21:14:04 [INFO]-[org.springframework.web.servlet.DispatcherServlet] FrameworkServlet 'dispatcherServlet': initialization completed in 2319 ms
  2018-07-24 21:14:10 [INFO]-[com.alibaba.druid.pool.DruidDataSource] {dataSource-1} inited
  