2018-07-15 09:03:29,673 [Worker-13] INFO  o.e.m.c.i.l.LifecycleMappingFactory - Using org.maven.ide.eclipse.wtp.WarLifecycleMapping lifecycle mapping for MavenProject: com.huiji.ssm_crud:ssm_crud:0.0.1-SNAPSHOT @ D:\Users\lijing\workspace\ssm_crud\ssm_crud_20180715\pom.xml.
2018-07-15 09:03:34,115 [Worker-13] INFO  o.e.m.j.i.AbstractJavaProjectConfigurator - Adding source folder /ssm_crud_20180715/src/main/java
2018-07-15 09:03:34,116 [Worker-13] INFO  o.e.m.j.i.AbstractJavaProjectConfigurator - Adding resource folder /ssm_crud_20180715/src/main/resources
2018-07-15 09:03:34,117 [Worker-13] INFO  o.e.m.j.i.AbstractJavaProjectConfigurator - Adding source folder /ssm_crud_20180715/src/test/java
2018-07-15 09:03:34,955 [Worker-13] ERROR o.e.m2e.wtp.WTPProjectConfigurator - Unable to configure ssm_crud_20180715
org.eclipse.m2e.wtp.MarkedException: Unable to configure ssm_crud_20180715
	at org.eclipse.m2e.wtp.AbstractProjectConfiguratorDelegate.configureProject(AbstractProjectConfiguratorDelegate.java:98) ~[na:na]
	at org.eclipse.m2e.wtp.WTPProjectConfigurator.configure(WTPProjectConfigurator.java:68) ~[na:na]
	at org.eclipse.m2e.core.project.configurator.AbstractLifecycleMapping.configure(AbstractLifecycleMapping.java:120) [org.eclipse.m2e.core_1.7.0.20160603-1933.jar:na]
	at org.eclipse.m2e.core.internal.project.ProjectConfigurationManager$3.call(ProjectConfigurationManager.java:501) [org.eclipse.m2e.core_1.7.0.20160603-1933.jar:na]
	at org.eclipse.m2e.core.internal.project.ProjectConfigurationManager$3.call(ProjectConfigurationManager.java:1) [org.eclipse.m2e.core_1.7.0.20160603-1933.jar:na]
	at org.eclipse.m2e.core.internal.embedder.MavenExecutionContext.executeBare(MavenExecutionContext.java:176) [org.eclipse.m2e.core_1.7.0.20160603-1933.jar:na]
	at org.eclipse.m2e.core.internal.embedder.MavenExecutionContext.execute(MavenExecutionContext.java:151) [org.eclipse.m2e.core_1.7.0.20160603-1933.jar:na]
	at org.eclipse.m2e.core.internal.project.ProjectConfigurationManager.updateProjectConfiguration(ProjectConfigurationManager.java:494) [org.eclipse.m2e.core_1.7.0.20160603-1933.jar:na]
	at org.eclipse.m2e.core.internal.project.ProjectConfigurationManager.configureNewMavenProjects(ProjectConfigurationManager.java:281) [org.eclipse.m2e.core_1.7.0.20160603-1933.jar:na]
	at org.eclipse.m2e.core.internal.project.ProjectConfigurationManager$1.call(ProjectConfigurationManager.java:168) [org.eclipse.m2e.core_1.7.0.20160603-1933.jar:na]
	at org.eclipse.m2e.core.internal.project.ProjectConfigurationManager$1.call(ProjectConfigurationManager.java:1) [org.eclipse.m2e.core_1.7.0.20160603-1933.jar:na]
	at org.eclipse.m2e.core.internal.embedder.MavenExecutionContext.executeBare(MavenExecutionContext.java:176) [org.eclipse.m2e.core_1.7.0.20160603-1933.jar:na]
	at org.eclipse.m2e.core.internal.embedder.MavenExecutionContext.execute(MavenExecutionContext.java:151) [org.eclipse.m2e.core_1.7.0.20160603-1933.jar:na]
	at org.eclipse.m2e.core.internal.embedder.MavenExecutionContext.execute(MavenExecutionContext.java:99) [org.eclipse.m2e.core_1.7.0.20160603-1933.jar:na]
	at org.eclipse.m2e.core.internal.embedder.MavenImpl.execute(MavenImpl.java:1355) [org.eclipse.m2e.core_1.7.0.20160603-1933.jar:na]
	at org.eclipse.m2e.core.internal.project.ProjectConfigurationManager.importProjects(ProjectConfigurationManager.java:136) [org.eclipse.m2e.core_1.7.0.20160603-1933.jar:na]
	at org.eclipse.m2e.core.ui.internal.wizards.ImportMavenProjectsJob$1.doCreateMavenProjects(ImportMavenProjectsJob.java:68) [org.eclipse.m2e.core.ui_1.7.0.20160603-1933.jar:na]
	at org.eclipse.m2e.core.ui.internal.wizards.AbstractCreateMavenProjectsOperation.run(AbstractCreateMavenProjectsOperation.java:62) [org.eclipse.m2e.core.ui_1.7.0.20160603-1933.jar:na]
	at org.eclipse.m2e.core.ui.internal.wizards.ImportMavenProjectsJob.runInWorkspace(ImportMavenProjectsJob.java:77) [org.eclipse.m2e.core.ui_1.7.0.20160603-1933.jar:na]
	at org.eclipse.core.internal.resources.InternalWorkspaceJob.run(InternalWorkspaceJob.java:39) [org.eclipse.core.resources_3.11.1.v20161107-2032.jar:na]
	at org.eclipse.core.internal.jobs.Worker.run(Worker.java:55) [org.eclipse.core.jobs_3.8.0.v20160509-0411.jar:na]
Caused by: org.eclipse.core.runtime.CoreException: One or more constraints have not been satisfied.
	at org.eclipse.wst.common.project.facet.core.internal.FacetedProject.modifyInternal(FacetedProject.java:363) ~[na:na]
	at org.eclipse.wst.common.project.facet.core.internal.FacetedProject.mergeChangesInternal(FacetedProject.java:1181) ~[na:na]
	at org.eclipse.wst.common.project.facet.core.internal.FacetedProject.access$2(FacetedProject.java:1117) ~[na:na]
	at org.eclipse.wst.common.project.facet.core.internal.FacetedProject$1.run(FacetedProject.java:324) ~[na:na]
	at org.eclipse.core.internal.resources.Workspace.run(Workspace.java:2240) ~[org.eclipse.core.resources_3.11.1.v20161107-2032.jar:na]
	at org.eclipse.core.internal.resources.Workspace.run(Workspace.java:2267) ~[org.eclipse.core.resources_3.11.1.v20161107-2032.jar:na]
	at org.eclipse.wst.common.project.facet.core.internal.FacetedProject.modify(FacetedProject.java:339) ~[na:na]
	at org.eclipse.m2e.wtp.WebProjectConfiguratorDelegate.configure(WebProjectConfiguratorDelegate.java:136) ~[na:na]
	at org.eclipse.m2e.wtp.AbstractProjectConfiguratorDelegate.configureProject(AbstractProjectConfiguratorDelegate.java:94) ~[na:na]
	... 20 common frames omitted
2018-07-15 09:03:36,350 [Worker-13] INFO  o.e.m.c.i.p.ProjectConfigurationManager - Imported and configured 1 project(s) in 9 sec
2018-07-15 09:03:40,045 [Worker-7] WARN  o.e.m.c.i.embedder.EclipseLogger - Using platform encoding (GBK actually) to copy filtered resources, i.e. build is platform dependent!
2018-07-15 09:03:40,049 [Worker-7] INFO  o.e.m.c.i.embedder.EclipseLogger - Copying 8 resources
2018-07-15 09:03:40,078 [Worker-7] WARN  o.e.m.c.i.embedder.EclipseLogger - Using platform encoding (GBK actually) to copy filtered resources, i.e. build is platform dependent!
2018-07-15 09:03:40,079 [Worker-7] INFO  o.e.m.c.i.embedder.EclipseLogger - skip non existing resourceDirectory D:\Users\lijing\workspace\ssm_crud\ssm_crud_20180715\src\test\resources
2018-07-15 09:16:15,297 [Worker-12] INFO  o.e.m.c.i.p.ProjectConfigurationManager - Collecting project info '/pom.xml' D:\Users\lijing\workspace\ssm_crud\emp\pom.xml
2018-07-15 09:16:15,803 [Worker-12] INFO  o.e.m.c.i.l.LifecycleMappingFactory - Using org.maven.ide.eclipse.wtp.WarLifecycleMapping lifecycle mapping for MavenProject: com.kaisn:emp:emp.1.0 @ D:\Users\lijing\workspace\ssm_crud\emp\pom.xml.
2018-07-15 09:16:16,599 [Worker-12] INFO  o.e.m.j.i.AbstractJavaProjectConfigurator - Adding source folder /emp/src/main/java
2018-07-15 09:16:16,600 [Worker-12] INFO  o.e.m.j.i.AbstractJavaProjectConfigurator - Adding resource folder /emp/src/main/resources
2018-07-15 09:16:16,600 [Worker-12] INFO  o.e.m.j.i.AbstractJavaProjectConfigurator - Adding source folder /emp/src/test/java
2018-07-15 09:16:18,882 [Worker-12] INFO  o.e.m.c.i.p.ProjectConfigurationManager - Imported and configured 1 project(s) in 3 sec
2018-07-15 09:18:04,016 [Worker-19] WARN  o.e.m.c.i.embedder.EclipseLogger - Using platform encoding (GBK actually) to copy filtered resources, i.e. build is platform dependent!
2018-07-15 09:18:04,018 [Worker-19] INFO  o.e.m.c.i.embedder.EclipseLogger - Copying 0 resource
2018-07-15 09:18:04,022 [Worker-19] WARN  o.e.m.c.i.embedder.EclipseLogger - Using platform encoding (GBK actually) to copy filtered resources, i.e. build is platform dependent!
2018-07-15 09:18:04,023 [Worker-19] INFO  o.e.m.c.i.embedder.EclipseLogger - skip non existing resourceDirectory D:\Users\lijing\workspace\ssm_crud\emp\src\test\resources
2018-07-15 09:20:56,482 [Worker-19] INFO  o.e.m.c.i.p.ProjectConfigurationManager - Update started
2018-07-15 09:20:56,864 [Worker-19] INFO  o.e.m.c.i.l.LifecycleMappingFactory - Using org.maven.ide.eclipse.wtp.WarLifecycleMapping lifecycle mapping for MavenProject: com.kaisn:emp:emp.1.0 @ D:\Users\lijing\workspace\ssm_crud\emp\pom.xml.
2018-07-15 09:20:58,223 [Worker-19] INFO  o.e.m.j.i.AbstractJavaProjectConfigurator - Adding source folder /emp/src/main/java
2018-07-15 09:20:58,224 [Worker-19] INFO  o.e.m.j.i.AbstractJavaProjectConfigurator - Adding resource folder /emp/src/main/resources
2018-07-15 09:20:58,225 [Worker-19] INFO  o.e.m.j.i.AbstractJavaProjectConfigurator - Adding source folder /emp/src/test/java
2018-07-15 09:21:00,731 [Worker-19] INFO  o.e.m.w.i.f.ResourceFilteringBuildParticipant - Cleaning filtered folder for emp
2018-07-15 09:21:00,747 [Worker-19] INFO  o.e.m.c.i.p.ProjectConfigurationManager - Update completed: 4 sec
2018-07-15 09:21:01,042 [Worker-21] WARN  o.e.m.c.i.embedder.EclipseLogger - Using platform encoding (GBK actually) to copy filtered resources, i.e. build is platform dependent!
2018-07-15 09:21:01,045 [Worker-21] INFO  o.e.m.c.i.embedder.EclipseLogger - Copying 0 resource
2018-07-15 09:21:01,046 [Worker-21] WARN  o.e.m.c.i.embedder.EclipseLogger - Using platform encoding (GBK actually) to copy filtered resources, i.e. build is platform dependent!
2018-07-15 09:21:01,049 [Worker-21] INFO  o.e.m.c.i.embedder.EclipseLogger - skip non existing resourceDirectory D:\Users\lijing\workspace\ssm_crud\emp\src\test\resources
2018-07-15 09:21:01,049 [Worker-21] INFO  o.e.m.w.i.f.ResourceFilteringBuildParticipant - Changed resources require a complete clean of filtered resources of emp
2018-07-15 09:21:01,050 [Worker-21] INFO  o.e.m.w.i.f.ResourceFilteringBuildParticipant - Executing resource filtering for emp
2018-07-15 09:21:01,058 [Worker-21] WARN  o.e.m.c.i.embedder.EclipseLogger - Using platform encoding (GBK actually) to copy filtered resources, i.e. build is platform dependent!
2018-07-15 09:51:37,213 [Worker-12] INFO  o.e.m.c.i.p.ProjectConfigurationManager - Update started
2018-07-15 09:51:37,696 [Worker-12] INFO  o.e.m.c.i.l.LifecycleMappingFactory - Using org.maven.ide.eclipse.wtp.WarLifecycleMapping lifecycle mapping for MavenProject: com.kaisn:emp:emp.1.0 @ D:\Users\lijing\workspace\ssm_crud\emp\pom.xml.
2018-07-15 09:51:38,290 [Worker-12] INFO  o.e.m.c.i.e.AbstractTransferListenerAdapter - Downloading http://maven.aliyun.com/nexus/content/groups/public/mysql/mysql-connector-java/5.1.6/mysql-connector-java-5.1.6.pom
2018-07-15 09:51:38,491 [Worker-12] INFO  o.e.m.c.i.e.AbstractTransferListenerAdapter - Downloaded http://maven.aliyun.com/nexus/content/groups/public/mysql/mysql-connector-java/5.1.6/mysql-connector-java-5.1.6.pom
2018-07-15 09:51:38,791 [Worker-12] INFO  o.e.m.c.i.e.AbstractTransferListenerAdapter - Downloading http://maven.aliyun.com/nexus/content/groups/public/mysql/mysql-connector-java/5.1.6/mysql-connector-java-5.1.6.jar
2018-07-15 09:51:39,889 [Worker-12] INFO  o.e.m.c.i.e.AbstractTransferListenerAdapter - Downloaded http://maven.aliyun.com/nexus/content/groups/public/mysql/mysql-connector-java/5.1.6/mysql-connector-java-5.1.6.jar
2018-07-15 09:51:40,534 [Worker-12] INFO  o.e.m.c.i.e.AbstractTransferListenerAdapter - Downloading http://maven.aliyun.com/nexus/content/groups/public/org/apache/tomcat/maven/tomcat7-maven-plugin/2.1/tomcat7-maven-plugin-2.1.pom
2018-07-15 09:51:40,606 [Worker-12] INFO  o.e.m.c.i.e.AbstractTransferListenerAdapter - Downloaded http://maven.aliyun.com/nexus/content/groups/public/org/apache/tomcat/maven/tomcat7-maven-plugin/2.1/tomcat7-maven-plugin-2.1.pom
2018-07-15 09:51:40,737 [Worker-12] INFO  o.e.m.c.i.e.AbstractTransferListenerAdapter - Downloading http://maven.aliyun.com/nexus/content/groups/public/org/apache/tomcat/maven/tomcat-maven-plugin/2.1/tomcat-maven-plugin-2.1.pom
2018-07-15 09:51:40,901 [Worker-12] INFO  o.e.m.c.i.e.AbstractTransferListenerAdapter - Downloaded http://maven.aliyun.com/nexus/content/groups/public/org/apache/tomcat/maven/tomcat-maven-plugin/2.1/tomcat-maven-plugin-2.1.pom
2018-07-15 09:51:41,015 [Worker-12] INFO  o.e.m.c.i.e.AbstractTransferListenerAdapter - Downloading http://maven.aliyun.com/nexus/content/groups/public/org/apache/tomcat/maven/tomcat7-maven-plugin/2.1/tomcat7-maven-plugin-2.1.jar
2018-07-15 09:51:41,277 [Worker-12] INFO  o.e.m.c.i.e.AbstractTransferListenerAdapter - Downloaded http://maven.aliyun.com/nexus/content/groups/public/org/apache/tomcat/maven/tomcat7-maven-plugin/2.1/tomcat7-maven-plugin-2.1.jar
2018-07-15 09:51:42,452 [Worker-12] INFO  o.e.m.j.i.AbstractJavaProjectConfigurator - Adding source folder /emp/src/main/java
2018-07-15 09:51:42,453 [Worker-12] INFO  o.e.m.j.i.AbstractJavaProjectConfigurator - Adding resource folder /emp/src/main/resources
2018-07-15 09:51:42,453 [Worker-12] INFO  o.e.m.j.i.AbstractJavaProjectConfigurator - Adding source folder /emp/src/test/java
2018-07-15 09:51:43,888 [Worker-12] INFO  o.e.m.w.i.f.ResourceFilteringBuildParticipant - Cleaning filtered folder for emp
2018-07-15 09:51:43,983 [Worker-12] INFO  o.e.m.c.i.p.ProjectConfigurationManager - Update completed: 6 sec
2018-07-15 09:51:56,375 [main] INFO  o.e.m2e.actions.ExecutePomAction - Creating new launch configuration
2018-07-15 09:52:42,463 [Worker-31] INFO  o.e.m.i.launch.MavenLaunchDelegate - D:\Users\lijing\workspace\ssm_crud\emp
2018-07-15 09:52:42,464 [Worker-31] INFO  o.e.m.i.launch.MavenLaunchDelegate -  mvn -B -Dmaven.test.skip=true -DskipTests --threads 4 -s D:\Software\apache-maven-3.5.2\conf\settings.xml clean install
2018-07-15 10:51:44,748 [Worker-31] INFO  o.e.m.i.launch.MavenLaunchDelegate - D:\Users\lijing\workspace\ssm_crud\emp
2018-07-15 10:51:44,750 [Worker-31] INFO  o.e.m.i.launch.MavenLaunchDelegate -  mvn -B -Dmaven.test.skip=true -DskipTests --threads 4 -s D:\Software\apache-maven-3.5.2\conf\settings.xml clean install
2018-07-15 10:52:26,608 [main] INFO  o.e.m2e.actions.ExecutePomAction - Creating new launch configuration
2018-07-15 10:52:46,342 [Worker-36] INFO  o.e.m.i.launch.MavenLaunchDelegate - D:\Users\lijing\workspace\ssm_crud\emp
2018-07-15 10:52:46,342 [Worker-36] INFO  o.e.m.i.launch.MavenLaunchDelegate -  mvn -B -s D:\Software\apache-maven-3.5.2\conf\settings.xml tomcat7:run
2018-07-15 10:57:08,069 [Worker-45] INFO  o.e.m.i.launch.MavenLaunchDelegate - D:\Users\lijing\workspace\ssm_crud\emp
2018-07-15 10:57:08,069 [Worker-45] INFO  o.e.m.i.launch.MavenLaunchDelegate -  mvn -B -Dmaven.test.skip=true -DskipTests --threads 4 -s D:\Software\apache-maven-3.5.2\conf\settings.xml clean install
2018-07-15 10:57:24,613 [Worker-46] INFO  o.e.m.i.launch.MavenLaunchDelegate - D:\Users\lijing\workspace\ssm_crud\emp
2018-07-15 10:57:24,614 [Worker-46] INFO  o.e.m.i.launch.MavenLaunchDelegate -  mvn -B -s D:\Software\apache-maven-3.5.2\conf\settings.xml tomcat7:run
2018-07-15 11:01:03,445 [Worker-48] INFO  o.e.m.i.launch.MavenLaunchDelegate - D:\Users\lijing\workspace\ssm_crud\emp
2018-07-15 11:01:03,445 [Worker-48] INFO  o.e.m.i.launch.MavenLaunchDelegate -  mvn -B -s D:\Software\apache-maven-3.5.2\conf\settings.xml tomcat7:run
2018-07-15 11:04:22,253 [Worker-49] INFO  o.e.m.i.launch.MavenLaunchDelegate - D:\Users\lijing\workspace\ssm_crud\emp
2018-07-15 11:04:22,254 [Worker-49] INFO  o.e.m.i.launch.MavenLaunchDelegate -  mvn -B -s D:\Software\apache-maven-3.5.2\conf\settings.xml tomcat7:run
2018-07-15 11:08:08,720 [Worker-48] INFO  o.e.m.i.launch.MavenLaunchDelegate - D:\Users\lijing\workspace\ssm_crud\emp
2018-07-15 11:08:08,720 [Worker-48] INFO  o.e.m.i.launch.MavenLaunchDelegate -  mvn -B -s D:\Software\apache-maven-3.5.2\conf\settings.xml tomcat7:run
2018-07-15 11:21:21,897 [Worker-48] INFO  o.e.m.i.launch.MavenLaunchDelegate - D:\Users\lijing\workspace\ssm_crud\emp
2018-07-15 11:21:21,897 [Worker-48] INFO  o.e.m.i.launch.MavenLaunchDelegate -  mvn -B -s D:\Software\apache-maven-3.5.2\conf\settings.xml tomcat7:run
2018-07-15 11:24:44,062 [Worker-52] INFO  o.e.m.i.launch.MavenLaunchDelegate - D:\Users\lijing\workspace\ssm_crud\emp
2018-07-15 11:24:44,062 [Worker-52] INFO  o.e.m.i.launch.MavenLaunchDelegate -  mvn -B -Dmaven.test.skip=true -DskipTests --threads 4 -s D:\Software\apache-maven-3.5.2\conf\settings.xml clean install
2018-07-15 11:25:07,244 [Worker-52] INFO  o.e.m.i.launch.MavenLaunchDelegate - D:\Users\lijing\workspace\ssm_crud\emp
2018-07-15 11:25:07,245 [Worker-52] INFO  o.e.m.i.launch.MavenLaunchDelegate -  mvn -B -s D:\Software\apache-maven-3.5.2\conf\settings.xml tomcat7:run
2018-07-15 11:28:27,604 [Worker-51] INFO  o.e.m.i.launch.MavenLaunchDelegate - D:\Users\lijing\workspace\ssm_crud\emp
2018-07-15 11:28:27,604 [Worker-51] INFO  o.e.m.i.launch.MavenLaunchDelegate -  mvn -B -Dmaven.test.skip=true -DskipTests --threads 4 -s D:\Software\apache-maven-3.5.2\conf\settings.xml clean install
2018-07-15 11:28:49,380 [Worker-50] INFO  o.e.m.i.launch.MavenLaunchDelegate - D:\Users\lijing\workspace\ssm_crud\emp
2018-07-15 11:28:49,380 [Worker-50] INFO  o.e.m.i.launch.MavenLaunchDelegate -  mvn -B -s D:\Software\apache-maven-3.5.2\conf\settings.xml tomcat7:run
2018-07-15 11:37:02,637 [Worker-52] INFO  o.e.m.i.launch.MavenLaunchDelegate - D:\Users\lijing\workspace\ssm_crud\emp
2018-07-15 11:37:02,637 [Worker-52] INFO  o.e.m.i.launch.MavenLaunchDelegate -  mvn -B -s D:\Software\apache-maven-3.5.2\conf\settings.xml tomcat7:run
2018-07-15 11:40:09,952 [Worker-51] INFO  o.e.m.i.launch.MavenLaunchDelegate - D:\Users\lijing\workspace\ssm_crud\emp
2018-07-15 11:40:09,952 [Worker-51] INFO  o.e.m.i.launch.MavenLaunchDelegate -  mvn -B -Dmaven.test.skip=true -DskipTests --threads 4 -s D:\Software\apache-maven-3.5.2\conf\settings.xml clean install
2018-07-15 11:40:28,172 [Worker-55] INFO  o.e.m.i.launch.MavenLaunchDelegate - D:\Users\lijing\workspace\ssm_crud\emp
2018-07-15 11:40:28,173 [Worker-55] INFO  o.e.m.i.launch.MavenLaunchDelegate -  mvn -B -s D:\Software\apache-maven-3.5.2\conf\settings.xml tomcat7:run
2018-07-15 11:46:17,596 [Worker-52] INFO  o.e.m.i.launch.MavenLaunchDelegate - D:\Users\lijing\workspace\ssm_crud\emp
2018-07-15 11:46:17,597 [Worker-52] INFO  o.e.m.i.launch.MavenLaunchDelegate -  mvn -B -s D:\Software\apache-maven-3.5.2\conf\settings.xml tomcat7:run
2018-07-15 11:52:19,022 [Worker-53] INFO  o.e.m.i.launch.MavenLaunchDelegate - D:\Users\lijing\workspace\ssm_crud\emp
2018-07-15 11:52:19,022 [Worker-53] INFO  o.e.m.i.launch.MavenLaunchDelegate -  mvn -B -s D:\Software\apache-maven-3.5.2\conf\settings.xml tomcat7:run
2018-07-15 11:53:18,544 [Worker-48] INFO  o.e.m.i.launch.MavenLaunchDelegate - D:\Users\lijing\workspace\ssm_crud\emp
2018-07-15 11:53:18,545 [Worker-48] INFO  o.e.m.i.launch.MavenLaunchDelegate -  mvn -B -Dmaven.test.skip=true -DskipTests --threads 4 -s D:\Software\apache-maven-3.5.2\conf\settings.xml clean install
2018-07-15 11:53:35,363 [Worker-57] INFO  o.e.m.i.launch.MavenLaunchDelegate - D:\Users\lijing\workspace\ssm_crud\emp
2018-07-15 11:53:35,363 [Worker-57] INFO  o.e.m.i.launch.MavenLaunchDelegate -  mvn -B -s D:\Software\apache-maven-3.5.2\conf\settings.xml tomcat7:run
2018-07-15 11:57:48,454 [Worker-56] INFO  o.e.m.i.launch.MavenLaunchDelegate - D:\Users\lijing\workspace\ssm_crud\emp
2018-07-15 11:57:48,454 [Worker-56] INFO  o.e.m.i.launch.MavenLaunchDelegate -  mvn -B -s D:\Software\apache-maven-3.5.2\conf\settings.xml tomcat7:run
2018-07-15 12:08:24,898 [Worker-60] INFO  o.e.m.i.launch.MavenLaunchDelegate - D:\Users\lijing\workspace\ssm_crud\emp
2018-07-15 12:08:24,898 [Worker-60] INFO  o.e.m.i.launch.MavenLaunchDelegate -  mvn -B -s D:\Software\apache-maven-3.5.2\conf\settings.xml tomcat7:run
2018-07-15 12:10:51,150 [Worker-60] INFO  o.e.m.i.launch.MavenLaunchDelegate - D:\Users\lijing\workspace\ssm_crud\emp
2018-07-15 12:10:51,150 [Worker-60] INFO  o.e.m.i.launch.MavenLaunchDelegate -  mvn -B -s D:\Software\apache-maven-3.5.2\conf\settings.xml tomcat7:run
2018-07-15 12:22:09,525 [Worker-48] INFO  o.e.m.i.launch.MavenLaunchDelegate - D:\Users\lijing\workspace\ssm_crud\emp
2018-07-15 12:22:09,526 [Worker-48] INFO  o.e.m.i.launch.MavenLaunchDelegate -  mvn -B -Dmaven.test.skip=true -DskipTests --threads 4 -s D:\Software\apache-maven-3.5.2\conf\settings.xml clean install
2018-07-15 12:22:25,668 [Worker-59] INFO  o.e.m.i.launch.MavenLaunchDelegate - D:\Users\lijing\workspace\ssm_crud\emp
2018-07-15 12:22:25,669 [Worker-59] INFO  o.e.m.i.launch.MavenLaunchDelegate -  mvn -B -s D:\Software\apache-maven-3.5.2\conf\settings.xml tomcat7:run
2018-07-15 12:46:24,351 [Worker-69] INFO  o.e.m.c.i.l.LifecycleMappingFactory - Using org.maven.ide.eclipse.wtp.WarLifecycleMapping lifecycle mapping for MavenProject: com.kaisn:emp:emp.1.0 @ D:\Users\lijing\workspace\ssm_crud\emp\pom.xml.
2018-07-15 12:46:25,382 [Worker-69] WARN  o.e.m.c.i.embedder.EclipseLogger - The artifact org.apache.commons:commons-io:jar:1.3.2 has been relocated to commons-io:commons-io:jar:1.3.2
2018-07-15 12:46:25,620 [Worker-69] WARN  o.e.m.c.i.embedder.EclipseLogger - The artifact org.apache.commons:commons-io:jar:1.3.2 has been relocated to commons-io:commons-io:jar:1.3.2
2018-07-15 12:46:26,017 [Worker-69] WARN  o.e.m.c.i.embedder.EclipseLogger - The artifact org.apache.commons:commons-io:jar:1.3.2 has been relocated to commons-io:commons-io:jar:1.3.2
2018-07-15 12:46:27,733 [Worker-69] INFO  o.e.m.w.i.f.ResourceFilteringBuildParticipant - Cleaning filtered folder for emp
2018-07-15 12:46:28,394 [Worker-66] WARN  o.e.m.c.i.embedder.EclipseLogger - The artifact org.apache.commons:commons-io:jar:1.3.2 has been relocated to commons-io:commons-io:jar:1.3.2
2018-07-15 12:46:28,575 [Worker-66] WARN  o.e.m.c.i.embedder.EclipseLogger - Using platform encoding (GBK actually) to copy filtered resources, i.e. build is platform dependent!
2018-07-15 12:46:28,577 [Worker-66] INFO  o.e.m.c.i.embedder.EclipseLogger - Copying 7 resources
2018-07-15 12:46:28,605 [Worker-66] WARN  o.e.m.c.i.embedder.EclipseLogger - Using platform encoding (GBK actually) to copy filtered resources, i.e. build is platform dependent!
2018-07-15 12:46:28,606 [Worker-66] INFO  o.e.m.c.i.embedder.EclipseLogger - skip non existing resourceDirectory D:\Users\lijing\workspace\ssm_crud\emp\src\test\resources
2018-07-15 12:46:28,606 [Worker-66] INFO  o.e.m.w.i.f.ResourceFilteringBuildParticipant - Changed resources require a complete clean of filtered resources of emp
2018-07-15 12:46:28,606 [Worker-66] INFO  o.e.m.w.i.f.ResourceFilteringBuildParticipant - Executing resource filtering for emp
2018-07-15 12:46:28,610 [Worker-66] WARN  o.e.m.c.i.embedder.EclipseLogger - Using platform encoding (GBK actually) to copy filtered resources, i.e. build is platform dependent!
2018-07-15 12:47:31,615 [Worker-62] INFO  o.e.m.i.launch.MavenLaunchDelegate - D:\Users\lijing\workspace\ssm_crud\emp
2018-07-15 12:47:31,615 [Worker-62] INFO  o.e.m.i.launch.MavenLaunchDelegate -  mvn -B -Dmaven.test.skip=true -DskipTests --threads 4 -s D:\Software\apache-maven-3.5.2\conf\settings.xml clean install
2018-07-15 12:47:45,275 [Worker-65] INFO  o.e.m.i.launch.MavenLaunchDelegate - D:\Users\lijing\workspace\ssm_crud\emp
2018-07-15 12:47:45,276 [Worker-65] INFO  o.e.m.i.launch.MavenLaunchDelegate -  mvn -B -s D:\Software\apache-maven-3.5.2\conf\settings.xml tomcat7:run
2018-07-15 12:50:18,826 [Worker-62] INFO  o.e.m.c.i.p.ProjectConfigurationManager - Update started
2018-07-15 12:50:19,290 [Worker-62] INFO  o.e.m.c.i.l.LifecycleMappingFactory - Using org.maven.ide.eclipse.wtp.WarLifecycleMapping lifecycle mapping for MavenProject: com.kaisn:emp:emp.1.0 @ D:\Users\lijing\workspace\ssm_crud\emp\pom.xml.
2018-07-15 12:50:19,466 [Worker-62] WARN  o.e.m.c.i.embedder.EclipseLogger - The artifact org.apache.commons:commons-io:jar:1.3.2 has been relocated to commons-io:commons-io:jar:1.3.2
2018-07-15 12:50:19,715 [Worker-62] WARN  o.e.m.c.i.embedder.EclipseLogger - The artifact org.apache.commons:commons-io:jar:1.3.2 has been relocated to commons-io:commons-io:jar:1.3.2
2018-07-15 12:50:20,154 [Worker-62] WARN  o.e.m.c.i.embedder.EclipseLogger - The artifact org.apache.commons:commons-io:jar:1.3.2 has been relocated to commons-io:commons-io:jar:1.3.2
2018-07-15 12:50:21,269 [Worker-62] INFO  o.e.m.j.i.AbstractJavaProjectConfigurator - Adding source folder /emp/src/main/java
2018-07-15 12:50:21,270 [Worker-62] INFO  o.e.m.j.i.AbstractJavaProjectConfigurator - Adding resource folder /emp/src/main/resources
2018-07-15 12:50:21,271 [Worker-62] INFO  o.e.m.j.i.AbstractJavaProjectConfigurator - Adding source folder /emp/src/test/java
2018-07-15 12:50:21,420 [Worker-62] ERROR o.e.m2e.wtp.WTPProjectConfigurator - Unable to configure emp
org.eclipse.m2e.wtp.MarkedException: Unable to configure emp
	at org.eclipse.m2e.wtp.AbstractProjectConfiguratorDelegate.configureProject(AbstractProjectConfiguratorDelegate.java:98) ~[na:na]
	at org.eclipse.m2e.wtp.WTPProjectConfigurator.configure(WTPProjectConfigurator.java:68) ~[na:na]
	at org.eclipse.m2e.core.project.configurator.AbstractLifecycleMapping.configure(AbstractLifecycleMapping.java:120) [org.eclipse.m2e.core_1.7.0.20160603-1933.jar:na]
	at org.eclipse.m2e.core.internal.project.ProjectConfigurationManager$3.call(ProjectConfigurationManager.java:501) [org.eclipse.m2e.core_1.7.0.20160603-1933.jar:na]
	at org.eclipse.m2e.core.internal.project.ProjectConfigurationManager$3.call(ProjectConfigurationManager.java:1) [org.eclipse.m2e.core_1.7.0.20160603-1933.jar:na]
	at org.eclipse.m2e.core.internal.embedder.MavenExecutionContext.executeBare(MavenExecutionContext.java:176) [org.eclipse.m2e.core_1.7.0.20160603-1933.jar:na]
	at org.eclipse.m2e.core.internal.embedder.MavenExecutionContext.execute(MavenExecutionContext.java:151) [org.eclipse.m2e.core_1.7.0.20160603-1933.jar:na]
	at org.eclipse.m2e.core.internal.project.ProjectConfigurationManager.updateProjectConfiguration(ProjectConfigurationManager.java:494) [org.eclipse.m2e.core_1.7.0.20160603-1933.jar:na]
	at org.eclipse.m2e.core.internal.project.ProjectConfigurationManager.updateProjectConfiguration0(ProjectConfigurationManager.java:432) [org.eclipse.m2e.core_1.7.0.20160603-1933.jar:na]
	at org.eclipse.m2e.core.internal.project.ProjectConfigurationManager$2.call(ProjectConfigurationManager.java:345) [org.eclipse.m2e.core_1.7.0.20160603-1933.jar:na]
	at org.eclipse.m2e.core.internal.project.ProjectConfigurationManager$2.call(ProjectConfigurationManager.java:1) [org.eclipse.m2e.core_1.7.0.20160603-1933.jar:na]
	at org.eclipse.m2e.core.internal.embedder.MavenExecutionContext.executeBare(MavenExecutionContext.java:176) [org.eclipse.m2e.core_1.7.0.20160603-1933.jar:na]
	at org.eclipse.m2e.core.internal.embedder.MavenExecutionContext.execute(MavenExecutionContext.java:151) [org.eclipse.m2e.core_1.7.0.20160603-1933.jar:na]
	at org.eclipse.m2e.core.internal.embedder.MavenExecutionContext.execute(MavenExecutionContext.java:99) [org.eclipse.m2e.core_1.7.0.20160603-1933.jar:na]
	at org.eclipse.m2e.core.internal.embedder.MavenImpl.execute(MavenImpl.java:1351) [org.eclipse.m2e.core_1.7.0.20160603-1933.jar:na]
	at org.eclipse.m2e.core.internal.project.ProjectConfigurationManager.updateProjectConfiguration(ProjectConfigurationManager.java:342) [org.eclipse.m2e.core_1.7.0.20160603-1933.jar:na]
	at org.eclipse.m2e.core.ui.internal.UpdateMavenProjectJob.runInWorkspace(UpdateMavenProjectJob.java:77) [org.eclipse.m2e.core.ui_1.7.0.20160603-1933.jar:na]
	at org.eclipse.core.internal.resources.InternalWorkspaceJob.run(InternalWorkspaceJob.java:39) [org.eclipse.core.resources_3.11.1.v20161107-2032.jar:na]
	at org.eclipse.core.internal.jobs.Worker.run(Worker.java:55) [org.eclipse.core.jobs_3.8.0.v20160509-0411.jar:na]
Caused by: org.eclipse.core.runtime.CoreException: One or more constraints have not been satisfied.
	at org.eclipse.wst.common.project.facet.core.internal.FacetedProject.modifyInternal(FacetedProject.java:363) ~[na:na]
	at org.eclipse.wst.common.project.facet.core.internal.FacetedProject.mergeChangesInternal(FacetedProject.java:1181) ~[na:na]
	at org.eclipse.wst.common.project.facet.core.internal.FacetedProject.access$2(FacetedProject.java:1117) ~[na:na]
	at org.eclipse.wst.common.project.facet.core.internal.FacetedProject$1.run(FacetedProject.java:324) ~[na:na]
	at org.eclipse.core.internal.resources.Workspace.run(Workspace.java:2240) ~[org.eclipse.core.resources_3.11.1.v20161107-2032.jar:na]
	at org.eclipse.core.internal.resources.Workspace.run(Workspace.java:2267) ~[org.eclipse.core.resources_3.11.1.v20161107-2032.jar:na]
	at org.eclipse.wst.common.project.facet.core.internal.FacetedProject.modify(FacetedProject.java:339) ~[na:na]
	at org.eclipse.m2e.wtp.WebProjectConfiguratorDelegate.configure(WebProjectConfiguratorDelegate.java:136) ~[na:na]
	at org.eclipse.m2e.wtp.AbstractProjectConfiguratorDelegate.configureProject(AbstractProjectConfiguratorDelegate.java:94) ~[na:na]
	... 18 common frames omitted
2018-07-15 12:50:21,704 [Worker-62] WARN  o.e.m.c.i.embedder.EclipseLogger - The artifact org.apache.commons:commons-io:jar:1.3.2 has been relocated to commons-io:commons-io:jar:1.3.2
2018-07-15 12:50:21,853 [Worker-62] INFO  o.e.m.w.i.f.ResourceFilteringBuildParticipant - Cleaning filtered folder for emp
2018-07-15 12:50:21,860 [Worker-62] INFO  o.e.m.c.i.p.ProjectConfigurationManager - Update completed: 3 sec
2018-07-15 12:51:36,451 [Worker-69] WARN  o.e.m.c.i.embedder.EclipseLogger - The artifact org.apache.commons:commons-io:jar:1.3.2 has been relocated to commons-io:commons-io:jar:1.3.2
2018-07-15 12:51:50,854 [Worker-61] INFO  o.e.m.c.i.l.LifecycleMappingFactory - Using org.maven.ide.eclipse.wtp.WarLifecycleMapping lifecycle mapping for MavenProject: com.kaisn:emp:emp.1.0 @ D:\Users\lijing\workspace\ssm_crud\emp\pom.xml.
2018-07-15 12:51:51,083 [Worker-61] WARN  o.e.m.c.i.embedder.EclipseLogger - The artifact org.apache.commons:commons-io:jar:1.3.2 has been relocated to commons-io:commons-io:jar:1.3.2
2018-07-15 12:51:51,303 [Worker-61] WARN  o.e.m.c.i.embedder.EclipseLogger - The artifact org.apache.commons:commons-io:jar:1.3.2 has been relocated to commons-io:commons-io:jar:1.3.2
2018-07-15 12:51:51,606 [Worker-61] WARN  o.e.m.c.i.embedder.EclipseLogger - The artifact org.apache.commons:commons-io:jar:1.3.2 has been relocated to commons-io:commons-io:jar:1.3.2
2018-07-15 12:51:51,723 [Worker-61] INFO  o.e.m.w.i.f.ResourceFilteringBuildParticipant - Cleaning filtered folder for emp
2018-07-15 12:51:52,263 [Worker-66] WARN  o.e.m.c.i.embedder.EclipseLogger - The artifact org.apache.commons:commons-io:jar:1.3.2 has been relocated to commons-io:commons-io:jar:1.3.2
2018-07-15 12:51:52,507 [Worker-66] WARN  o.e.m.c.i.embedder.EclipseLogger - Using platform encoding (GBK actually) to copy filtered resources, i.e. build is platform dependent!
2018-07-15 12:51:52,509 [Worker-66] INFO  o.e.m.c.i.embedder.EclipseLogger - Copying 7 resources
2018-07-15 12:51:52,536 [Worker-66] WARN  o.e.m.c.i.embedder.EclipseLogger - Using platform encoding (GBK actually) to copy filtered resources, i.e. build is platform dependent!
2018-07-15 12:51:52,538 [Worker-66] INFO  o.e.m.c.i.embedder.EclipseLogger - skip non existing resourceDirectory D:\Users\lijing\workspace\ssm_crud\emp\src\test\resources
2018-07-15 12:51:52,538 [Worker-66] INFO  o.e.m.w.i.f.ResourceFilteringBuildParticipant - Changed resources require a complete clean of filtered resources of emp
2018-07-15 12:51:52,538 [Worker-66] INFO  o.e.m.w.i.f.ResourceFilteringBuildParticipant - Executing resource filtering for emp
2018-07-15 12:51:52,542 [Worker-66] WARN  o.e.m.c.i.embedder.EclipseLogger - Using platform encoding (GBK actually) to copy filtered resources, i.e. build is platform dependent!
2018-07-15 12:55:52,083 [Worker-61] INFO  o.e.m.c.i.p.ProjectConfigurationManager - Update started
2018-07-15 12:55:52,437 [Worker-61] INFO  o.e.m.c.i.l.LifecycleMappingFactory - Using org.maven.ide.eclipse.wtp.WarLifecycleMapping lifecycle mapping for MavenProject: com.kaisn:emp:emp.1.0 @ D:\Users\lijing\workspace\ssm_crud\emp\pom.xml.
2018-07-15 12:55:53,257 [Worker-61] INFO  o.e.m.j.i.AbstractJavaProjectConfigurator - Adding source folder /emp/src/main/java
2018-07-15 12:55:53,257 [Worker-61] INFO  o.e.m.j.i.AbstractJavaProjectConfigurator - Adding resource folder /emp/src/main/resources
2018-07-15 12:55:53,258 [Worker-61] INFO  o.e.m.j.i.AbstractJavaProjectConfigurator - Adding source folder /emp/src/test/java
2018-07-15 12:55:53,346 [Worker-61] ERROR o.e.m2e.wtp.WTPProjectConfigurator - Unable to configure emp
org.eclipse.m2e.wtp.MarkedException: Unable to configure emp
	at org.eclipse.m2e.wtp.AbstractProjectConfiguratorDelegate.configureProject(AbstractProjectConfiguratorDelegate.java:98) ~[na:na]
	at org.eclipse.m2e.wtp.WTPProjectConfigurator.configure(WTPProjectConfigurator.java:68) ~[na:na]
	at org.eclipse.m2e.core.project.configurator.AbstractLifecycleMapping.configure(AbstractLifecycleMapping.java:120) [org.eclipse.m2e.core_1.7.0.20160603-1933.jar:na]
	at org.eclipse.m2e.core.internal.project.ProjectConfigurationManager$3.call(ProjectConfigurationManager.java:501) [org.eclipse.m2e.core_1.7.0.20160603-1933.jar:na]
	at org.eclipse.m2e.core.internal.project.ProjectConfigurationManager$3.call(ProjectConfigurationManager.java:1) [org.eclipse.m2e.core_1.7.0.20160603-1933.jar:na]
	at org.eclipse.m2e.core.internal.embedder.MavenExecutionContext.executeBare(MavenExecutionContext.java:176) [org.eclipse.m2e.core_1.7.0.20160603-1933.jar:na]
	at org.eclipse.m2e.core.internal.embedder.MavenExecutionContext.execute(MavenExecutionContext.java:151) [org.eclipse.m2e.core_1.7.0.20160603-1933.jar:na]
	at org.eclipse.m2e.core.internal.project.ProjectConfigurationManager.updateProjectConfiguration(ProjectConfigurationManager.java:494) [org.eclipse.m2e.core_1.7.0.20160603-1933.jar:na]
	at org.eclipse.m2e.core.internal.project.ProjectConfigurationManager.updateProjectConfiguration0(ProjectConfigurationManager.java:432) [org.eclipse.m2e.core_1.7.0.20160603-1933.jar:na]
	at org.eclipse.m2e.core.internal.project.ProjectConfigurationManager$2.call(ProjectConfigurationManager.java:345) [org.eclipse.m2e.core_1.7.0.20160603-1933.jar:na]
	at org.eclipse.m2e.core.internal.project.ProjectConfigurationManager$2.call(ProjectConfigurationManager.java:1) [org.eclipse.m2e.core_1.7.0.20160603-1933.jar:na]
	at org.eclipse.m2e.core.internal.embedder.MavenExecutionContext.executeBare(MavenExecutionContext.java:176) [org.eclipse.m2e.core_1.7.0.20160603-1933.jar:na]
	at org.eclipse.m2e.core.internal.embedder.MavenExecutionContext.execute(MavenExecutionContext.java:151) [org.eclipse.m2e.core_1.7.0.20160603-1933.jar:na]
	at org.eclipse.m2e.core.internal.embedder.MavenExecutionContext.execute(MavenExecutionContext.java:99) [org.eclipse.m2e.core_1.7.0.20160603-1933.jar:na]
	at org.eclipse.m2e.core.internal.embedder.MavenImpl.execute(MavenImpl.java:1351) [org.eclipse.m2e.core_1.7.0.20160603-1933.jar:na]
	at org.eclipse.m2e.core.internal.project.ProjectConfigurationManager.updateProjectConfiguration(ProjectConfigurationManager.java:342) [org.eclipse.m2e.core_1.7.0.20160603-1933.jar:na]
	at org.eclipse.m2e.core.ui.internal.UpdateMavenProjectJob.runInWorkspace(UpdateMavenProjectJob.java:77) [org.eclipse.m2e.core.ui_1.7.0.20160603-1933.jar:na]
	at org.eclipse.core.internal.resources.InternalWorkspaceJob.run(InternalWorkspaceJob.java:39) [org.eclipse.core.resources_3.11.1.v20161107-2032.jar:na]
	at org.eclipse.core.internal.jobs.Worker.run(Worker.java:55) [org.eclipse.core.jobs_3.8.0.v20160509-0411.jar:na]
Caused by: org.eclipse.core.runtime.CoreException: One or more constraints have not been satisfied.
	at org.eclipse.wst.common.project.facet.core.internal.FacetedProject.modifyInternal(FacetedProject.java:363) ~[na:na]
	at org.eclipse.wst.common.project.facet.core.internal.FacetedProject.mergeChangesInternal(FacetedProject.java:1181) ~[na:na]
	at org.eclipse.wst.common.project.facet.core.internal.FacetedProject.access$2(FacetedProject.java:1117) ~[na:na]
	at org.eclipse.wst.common.project.facet.core.internal.FacetedProject$1.run(FacetedProject.java:324) ~[na:na]
	at org.eclipse.core.internal.resources.Workspace.run(Workspace.java:2240) ~[org.eclipse.core.resources_3.11.1.v20161107-2032.jar:na]
	at org.eclipse.core.internal.resources.Workspace.run(Workspace.java:2267) ~[org.eclipse.core.resources_3.11.1.v20161107-2032.jar:na]
	at org.eclipse.wst.common.project.facet.core.internal.FacetedProject.modify(FacetedProject.java:339) ~[na:na]
	at org.eclipse.m2e.wtp.WebProjectConfiguratorDelegate.configure(WebProjectConfiguratorDelegate.java:136) ~[na:na]
	at org.eclipse.m2e.wtp.AbstractProjectConfiguratorDelegate.configureProject(AbstractProjectConfiguratorDelegate.java:94) ~[na:na]
	... 18 common frames omitted
2018-07-15 12:55:53,880 [Worker-61] INFO  o.e.m.w.i.f.ResourceFilteringBuildParticipant - Cleaning filtered folder for emp
2018-07-15 12:55:53,893 [Worker-61] INFO  o.e.m.c.i.p.ProjectConfigurationManager - Update completed: 1 sec
2018-07-15 12:56:09,606 [Worker-68] WARN  o.e.m.c.i.embedder.EclipseLogger - Using platform encoding (GBK actually) to copy filtered resources, i.e. build is platform dependent!
2018-07-15 12:56:09,609 [Worker-68] INFO  o.e.m.c.i.embedder.EclipseLogger - Copying 7 resources
2018-07-15 12:56:09,643 [Worker-68] WARN  o.e.m.c.i.embedder.EclipseLogger - Using platform encoding (GBK actually) to copy filtered resources, i.e. build is platform dependent!
2018-07-15 12:56:09,645 [Worker-68] INFO  o.e.m.c.i.embedder.EclipseLogger - skip non existing resourceDirectory D:\Users\lijing\workspace\ssm_crud\emp\src\test\resources
2018-07-15 12:56:09,646 [Worker-68] INFO  o.e.m.w.i.f.ResourceFilteringBuildParticipant - Changed resources require a complete clean of filtered resources of emp
2018-07-15 12:56:09,646 [Worker-68] INFO  o.e.m.w.i.f.ResourceFilteringBuildParticipant - Executing resource filtering for emp
2018-07-15 12:56:09,651 [Worker-68] WARN  o.e.m.c.i.embedder.EclipseLogger - Using platform encoding (GBK actually) to copy filtered resources, i.e. build is platform dependent!
2018-07-15 12:58:20,020 [Worker-67] INFO  o.e.m.i.launch.MavenLaunchDelegate - D:\Users\lijing\workspace\ssm_crud\emp
2018-07-15 12:58:20,021 [Worker-67] INFO  o.e.m.i.launch.MavenLaunchDelegate -  mvn -B -Dmaven.test.skip=true -DskipTests --threads 4 -s D:\Software\apache-maven-3.5.2\conf\settings.xml clean install
2018-07-15 12:58:55,424 [Worker-66] INFO  o.e.m.i.launch.MavenLaunchDelegate - D:\Users\lijing\workspace\ssm_crud\emp
2018-07-15 12:58:55,425 [Worker-66] INFO  o.e.m.i.launch.MavenLaunchDelegate -  mvn -B -s D:\Software\apache-maven-3.5.2\conf\settings.xml tomcat7:run
2018-07-15 13:02:16,252 [Worker-65] INFO  o.e.m.i.launch.MavenLaunchDelegate - D:\Users\lijing\workspace\ssm_crud\emp
2018-07-15 13:02:16,252 [Worker-65] INFO  o.e.m.i.launch.MavenLaunchDelegate -  mvn -B -Dmaven.test.skip=true -DskipTests --threads 4 -s D:\Software\apache-maven-3.5.2\conf\settings.xml clean install
2018-07-15 13:02:36,736 [Worker-62] INFO  o.e.m.i.launch.MavenLaunchDelegate - D:\Users\lijing\workspace\ssm_crud\emp
2018-07-15 13:02:36,736 [Worker-62] INFO  o.e.m.i.launch.MavenLaunchDelegate -  mvn -B -s D:\Software\apache-maven-3.5.2\conf\settings.xml tomcat7:run
2018-07-15 13:03:54,651 [Worker-71] INFO  o.e.m.i.launch.MavenLaunchDelegate - D:\Users\lijing\workspace\ssm_crud\emp
2018-07-15 13:03:54,652 [Worker-71] INFO  o.e.m.i.launch.MavenLaunchDelegate -  mvn -B -s D:\Software\apache-maven-3.5.2\conf\settings.xml tomcat7:run
2018-07-15 13:07:16,648 [Worker-70] INFO  o.e.m.i.launch.MavenLaunchDelegate - D:\Users\lijing\workspace\ssm_crud\emp
2018-07-15 13:07:16,648 [Worker-70] INFO  o.e.m.i.launch.MavenLaunchDelegate -  mvn -B -s D:\Software\apache-maven-3.5.2\conf\settings.xml tomcat7:run
2018-07-15 13:37:39,958 [Worker-62] INFO  o.e.m.i.launch.MavenLaunchDelegate - D:\Users\lijing\workspace\ssm_crud\emp
2018-07-15 13:37:39,958 [Worker-62] INFO  o.e.m.i.launch.MavenLaunchDelegate -  mvn -B -s D:\Software\apache-maven-3.5.2\conf\settings.xml tomcat7:run
2018-07-15 13:53:18,254 [Worker-61] INFO  o.e.m.i.launch.MavenLaunchDelegate - D:\Users\lijing\workspace\ssm_crud\emp
2018-07-15 13:53:18,254 [Worker-61] INFO  o.e.m.i.launch.MavenLaunchDelegate -  mvn -B -s D:\Software\apache-maven-3.5.2\conf\settings.xml tomcat7:run
2018-07-15 14:06:30,620 [Worker-68] INFO  o.e.m.i.launch.MavenLaunchDelegate - D:\Users\lijing\workspace\ssm_crud\emp
2018-07-15 14:06:30,620 [Worker-68] INFO  o.e.m.i.launch.MavenLaunchDelegate -  mvn -B -s D:\Software\apache-maven-3.5.2\conf\settings.xml tomcat7:run
2018-07-15 14:07:25,019 [Worker-68] INFO  o.e.m.i.launch.MavenLaunchDelegate - D:\Users\lijing\workspace\ssm_crud\emp
2018-07-15 14:07:25,020 [Worker-68] INFO  o.e.m.i.launch.MavenLaunchDelegate -  mvn -B -Dmaven.test.skip=true -DskipTests --threads 4 -s D:\Software\apache-maven-3.5.2\conf\settings.xml clean install
2018-07-15 14:07:38,826 [Worker-61] INFO  o.e.m.i.launch.MavenLaunchDelegate - D:\Users\lijing\workspace\ssm_crud\emp
2018-07-15 14:07:38,826 [Worker-61] INFO  o.e.m.i.launch.MavenLaunchDelegate -  mvn -B -s D:\Software\apache-maven-3.5.2\conf\settings.xml tomcat7:run
2018-07-15 14:09:27,500 [Worker-61] INFO  o.e.m.i.launch.MavenLaunchDelegate - D:\Users\lijing\workspace\ssm_crud\emp
2018-07-15 14:09:27,500 [Worker-61] INFO  o.e.m.i.launch.MavenLaunchDelegate -  mvn -B -Dmaven.test.skip=true -DskipTests --threads 4 -s D:\Software\apache-maven-3.5.2\conf\settings.xml clean install
2018-07-15 14:09:47,958 [Worker-73] INFO  o.e.m.i.launch.MavenLaunchDelegate - D:\Users\lijing\workspace\ssm_crud\emp
2018-07-15 14:09:47,959 [Worker-73] INFO  o.e.m.i.launch.MavenLaunchDelegate -  mvn -B -s D:\Software\apache-maven-3.5.2\conf\settings.xml tomcat7:run
2018-07-15 14:47:02,311 [Worker-73] INFO  o.e.m.i.launch.MavenLaunchDelegate - D:\Users\lijing\workspace\ssm_crud\emp
2018-07-15 14:47:02,313 [Worker-73] INFO  o.e.m.i.launch.MavenLaunchDelegate -  mvn -B -s D:\Software\apache-maven-3.5.2\conf\settings.xml tomcat7:run
2018-07-15 14:59:54,153 [Worker-66] INFO  o.e.m.i.launch.MavenLaunchDelegate - D:\Users\lijing\workspace\ssm_crud\emp
2018-07-15 14:59:54,153 [Worker-66] INFO  o.e.m.i.launch.MavenLaunchDelegate -  mvn -B -s D:\Software\apache-maven-3.5.2\conf\settings.xml tomcat7:run
2018-07-15 15:37:12,249 [Worker-78] INFO  o.e.m.i.launch.MavenLaunchDelegate - D:\Users\lijing\workspace\ssm_crud\emp
2018-07-15 15:37:12,250 [Worker-78] INFO  o.e.m.i.launch.MavenLaunchDelegate -  mvn -B -Dmaven.test.skip=true -DskipTests --threads 4 -s D:\Software\apache-maven-3.5.2\conf\settings.xml clean install
2018-07-15 15:37:26,089 [Worker-78] INFO  o.e.m.i.launch.MavenLaunchDelegate - D:\Users\lijing\workspace\ssm_crud\emp
2018-07-15 15:37:26,089 [Worker-78] INFO  o.e.m.i.launch.MavenLaunchDelegate -  mvn -B -s D:\Software\apache-maven-3.5.2\conf\settings.xml tomcat7:run
2018-07-15 15:41:21,705 [Worker-66] INFO  o.e.m.i.launch.MavenLaunchDelegate - D:\Users\lijing\workspace\ssm_crud\emp
2018-07-15 15:41:21,705 [Worker-66] INFO  o.e.m.i.launch.MavenLaunchDelegate -  mvn -B -Dmaven.test.skip=true -DskipTests --threads 4 -s D:\Software\apache-maven-3.5.2\conf\settings.xml clean install
2018-07-15 15:41:48,254 [Worker-74] INFO  o.e.m.i.launch.MavenLaunchDelegate - D:\Users\lijing\workspace\ssm_crud\emp
2018-07-15 15:41:48,254 [Worker-74] INFO  o.e.m.i.launch.MavenLaunchDelegate -  mvn -B -Dmaven.test.skip=true -DskipTests --threads 4 -s D:\Software\apache-maven-3.5.2\conf\settings.xml clean install
2018-07-15 15:42:27,923 [Worker-61] INFO  o.e.m.i.launch.MavenLaunchDelegate - D:\Users\lijing\workspace\ssm_crud\emp
2018-07-15 15:42:27,923 [Worker-61] INFO  o.e.m.i.launch.MavenLaunchDelegate -  mvn -B -s D:\Software\apache-maven-3.5.2\conf\settings.xml tomcat7:run
2018-07-15 15:44:29,230 [Worker-76] INFO  o.e.m.i.launch.MavenLaunchDelegate - D:\Users\lijing\workspace\ssm_crud\emp
2018-07-15 15:44:29,230 [Worker-76] INFO  o.e.m.i.launch.MavenLaunchDelegate -  mvn -B -s D:\Software\apache-maven-3.5.2\conf\settings.xml tomcat7:run
2018-07-15 15:44:42,021 [Worker-74] INFO  o.e.m.i.launch.MavenLaunchDelegate - D:\Users\lijing\workspace\ssm_crud\emp
2018-07-15 15:44:42,021 [Worker-74] INFO  o.e.m.i.launch.MavenLaunchDelegate -  mvn -B -s D:\Software\apache-maven-3.5.2\conf\settings.xml tomcat7:run
2018-07-15 16:11:36,010 [Worker-70] INFO  o.e.m.i.launch.MavenLaunchDelegate - D:\Users\lijing\workspace\ssm_crud\emp
2018-07-15 16:11:36,010 [Worker-70] INFO  o.e.m.i.launch.MavenLaunchDelegate -  mvn -B -Dmaven.test.skip=true -DskipTests --threads 4 -s D:\Software\apache-maven-3.5.2\conf\settings.xml clean install
2018-07-15 16:11:50,549 [Worker-61] INFO  o.e.m.i.launch.MavenLaunchDelegate - D:\Users\lijing\workspace\ssm_crud\emp
2018-07-15 16:11:50,549 [Worker-61] INFO  o.e.m.i.launch.MavenLaunchDelegate -  mvn -B -s D:\Software\apache-maven-3.5.2\conf\settings.xml tomcat7:run
2018-07-15 16:51:21,395 [Worker-82] INFO  o.e.m.i.launch.MavenLaunchDelegate - D:\Users\lijing\workspace\ssm_crud\emp
2018-07-15 16:51:21,396 [Worker-82] INFO  o.e.m.i.launch.MavenLaunchDelegate -  mvn -B -s D:\Software\apache-maven-3.5.2\conf\settings.xml tomcat7:run
2018-07-15 17:07:06,144 [Worker-78] INFO  o.e.m.i.launch.MavenLaunchDelegate - D:\Users\lijing\workspace\ssm_crud\emp
2018-07-15 17:07:06,144 [Worker-78] INFO  o.e.m.i.launch.MavenLaunchDelegate -  mvn -B -Dmaven.test.skip=true -DskipTests --threads 4 -s D:\Software\apache-maven-3.5.2\conf\settings.xml clean install
2018-07-15 17:07:22,047 [Worker-83] INFO  o.e.m.i.launch.MavenLaunchDelegate - D:\Users\lijing\workspace\ssm_crud\emp
2018-07-15 17:07:22,047 [Worker-83] INFO  o.e.m.i.launch.MavenLaunchDelegate -  mvn -B -s D:\Software\apache-maven-3.5.2\conf\settings.xml tomcat7:run
2018-07-15 17:37:56,684 [Worker-78] INFO  o.e.m.i.launch.MavenLaunchDelegate - D:\Users\lijing\workspace\ssm_crud\emp
2018-07-15 17:37:56,685 [Worker-78] INFO  o.e.m.i.launch.MavenLaunchDelegate -  mvn -B -Dmaven.test.skip=true -DskipTests --threads 4 -s D:\Software\apache-maven-3.5.2\conf\settings.xml clean install
2018-07-15 17:38:55,408 [Worker-86] INFO  o.e.m.i.launch.MavenLaunchDelegate - D:\Users\lijing\workspace\ssm_crud\emp
2018-07-15 17:38:55,408 [Worker-86] INFO  o.e.m.i.launch.MavenLaunchDelegate -  mvn -B -s D:\Software\apache-maven-3.5.2\conf\settings.xml tomcat7:run
2018-07-15 18:19:14,663 [Worker-88] INFO  o.e.m.i.launch.MavenLaunchDelegate - D:\Users\lijing\workspace\ssm_crud\emp
2018-07-15 18:19:14,664 [Worker-88] INFO  o.e.m.i.launch.MavenLaunchDelegate -  mvn -B -Dmaven.test.skip=true -DskipTests --threads 4 -s D:\Software\apache-maven-3.5.2\conf\settings.xml clean install
2018-07-15 18:21:16,469 [Worker-83] INFO  o.e.m.i.launch.MavenLaunchDelegate - D:\Users\lijing\workspace\ssm_crud\emp
2018-07-15 18:21:16,470 [Worker-83] INFO  o.e.m.i.launch.MavenLaunchDelegate -  mvn -B -s D:\Software\apache-maven-3.5.2\conf\settings.xml tomcat7:run
2018-07-15 18:28:50,601 [Worker-92] INFO  o.e.m.i.launch.MavenLaunchDelegate - D:\Users\lijing\workspace\ssm_crud\emp
2018-07-15 18:28:50,602 [Worker-92] INFO  o.e.m.i.launch.MavenLaunchDelegate -  mvn -B -Dmaven.test.skip=true -DskipTests --threads 4 -s D:\Software\apache-maven-3.5.2\conf\settings.xml clean install
2018-07-15 18:29:03,321 [Worker-89] INFO  o.e.m.i.launch.MavenLaunchDelegate - D:\Users\lijing\workspace\ssm_crud\emp
2018-07-15 18:29:03,322 [Worker-89] INFO  o.e.m.i.launch.MavenLaunchDelegate -  mvn -B -Dmaven.test.skip=true -DskipTests --threads 4 -s D:\Software\apache-maven-3.5.2\conf\settings.xml clean install
2018-07-15 18:29:58,782 [Worker-81] INFO  o.e.m.i.launch.MavenLaunchDelegate - D:\Users\lijing\workspace\ssm_crud\emp
2018-07-15 18:29:58,782 [Worker-81] INFO  o.e.m.i.launch.MavenLaunchDelegate -  mvn -B -s D:\Software\apache-maven-3.5.2\conf\settings.xml tomcat7:run
2018-07-15 18:33:05,171 [Worker-78] INFO  o.e.m.i.launch.MavenLaunchDelegate - D:\Users\lijing\workspace\ssm_crud\emp
2018-07-15 18:33:05,171 [Worker-78] INFO  o.e.m.i.launch.MavenLaunchDelegate -  mvn -B -Dmaven.test.skip=true -DskipTests --threads 4 -s D:\Software\apache-maven-3.5.2\conf\settings.xml clean install
2018-07-15 18:33:18,555 [Worker-95] INFO  o.e.m.i.launch.MavenLaunchDelegate - D:\Users\lijing\workspace\ssm_crud\emp
2018-07-15 18:33:18,556 [Worker-95] INFO  o.e.m.i.launch.MavenLaunchDelegate -  mvn -B -s D:\Software\apache-maven-3.5.2\conf\settings.xml tomcat7:run
2018-07-15 18:36:03,278 [Worker-88] INFO  o.e.m.i.launch.MavenLaunchDelegate - D:\Users\lijing\workspace\ssm_crud\emp
2018-07-15 18:36:03,279 [Worker-88] INFO  o.e.m.i.launch.MavenLaunchDelegate -  mvn -B -Dmaven.test.skip=true -DskipTests --threads 4 -s D:\Software\apache-maven-3.5.2\conf\settings.xml clean install
2018-07-15 18:36:24,093 [Worker-78] INFO  o.e.m.i.launch.MavenLaunchDelegate - D:\Users\lijing\workspace\ssm_crud\emp
2018-07-15 18:36:24,093 [Worker-78] INFO  o.e.m.i.launch.MavenLaunchDelegate -  mvn -B -s D:\Software\apache-maven-3.5.2\conf\settings.xml tomcat7:run
2018-07-15 18:38:57,377 [Worker-89] INFO  o.e.m.i.launch.MavenLaunchDelegate - D:\Users\lijing\workspace\ssm_crud\emp
2018-07-15 18:38:57,378 [Worker-89] INFO  o.e.m.i.launch.MavenLaunchDelegate -  mvn -B -Dmaven.test.skip=true -DskipTests --threads 4 -s D:\Software\apache-maven-3.5.2\conf\settings.xml clean install
2018-07-15 18:39:10,337 [Worker-96] INFO  o.e.m.i.launch.MavenLaunchDelegate - D:\Users\lijing\workspace\ssm_crud\emp
2018-07-15 18:39:10,338 [Worker-96] INFO  o.e.m.i.launch.MavenLaunchDelegate -  mvn -B -s D:\Software\apache-maven-3.5.2\conf\settings.xml tomcat7:run
2018-07-15 19:02:46,442 [Worker-94] INFO  o.e.m.i.launch.MavenLaunchDelegate - D:\Users\lijing\workspace\ssm_crud\emp
2018-07-15 19:02:46,443 [Worker-94] INFO  o.e.m.i.launch.MavenLaunchDelegate -  mvn -B -Dmaven.test.skip=true -DskipTests --threads 4 -s D:\Software\apache-maven-3.5.2\conf\settings.xml clean install
2018-07-15 19:02:59,008 [Worker-81] INFO  o.e.m.i.launch.MavenLaunchDelegate - D:\Users\lijing\workspace\ssm_crud\emp
2018-07-15 19:02:59,009 [Worker-81] INFO  o.e.m.i.launch.MavenLaunchDelegate -  mvn -B -s D:\Software\apache-maven-3.5.2\conf\settings.xml tomcat7:run
2018-07-15 19:11:53,490 [Worker-94] INFO  o.e.m.i.launch.MavenLaunchDelegate - D:\Users\lijing\workspace\ssm_crud\emp
2018-07-15 19:11:53,491 [Worker-94] INFO  o.e.m.i.launch.MavenLaunchDelegate -  mvn -B -Dmaven.test.skip=true -DskipTests --threads 4 -s D:\Software\apache-maven-3.5.2\conf\settings.xml clean install
2018-07-15 19:12:07,261 [Worker-99] INFO  o.e.m.i.launch.MavenLaunchDelegate - D:\Users\lijing\workspace\ssm_crud\emp
2018-07-15 19:12:07,262 [Worker-99] INFO  o.e.m.i.launch.MavenLaunchDelegate -  mvn -B -s D:\Software\apache-maven-3.5.2\conf\settings.xml tomcat7:run
2018-07-15 19:32:02,483 [Worker-101] INFO  o.e.m.i.launch.MavenLaunchDelegate - D:\Users\lijing\workspace\ssm_crud\emp
2018-07-15 19:32:02,483 [Worker-101] INFO  o.e.m.i.launch.MavenLaunchDelegate -  mvn -B -Dmaven.test.skip=true -DskipTests --threads 4 -s D:\Software\apache-maven-3.5.2\conf\settings.xml clean install
2018-07-15 19:33:18,478 [Worker-96] INFO  o.e.m.i.launch.MavenLaunchDelegate - D:\Users\lijing\workspace\ssm_crud\emp
2018-07-15 19:33:18,479 [Worker-96] INFO  o.e.m.i.launch.MavenLaunchDelegate -  mvn -B -s D:\Software\apache-maven-3.5.2\conf\settings.xml tomcat7:run
2018-07-15 21:00:42,365 [Worker-81] INFO  o.e.m.c.i.p.ProjectConfigurationManager - Update started
2018-07-15 21:00:42,940 [Worker-81] INFO  o.e.m.c.i.l.LifecycleMappingFactory - Using org.maven.ide.eclipse.wtp.WarLifecycleMapping lifecycle mapping for MavenProject: com.kaisn:emp:emp.1.0 @ D:\Users\lijing\workspace\ssm_crud\emp\pom.xml.
2018-07-15 21:00:43,219 [Worker-81] WARN  o.e.m.c.i.embedder.EclipseLogger - The artifact org.apache.commons:commons-io:jar:1.3.2 has been relocated to commons-io:commons-io:jar:1.3.2
2018-07-15 21:00:43,420 [Worker-81] WARN  o.e.m.c.i.embedder.EclipseLogger - The artifact org.apache.commons:commons-io:jar:1.3.2 has been relocated to commons-io:commons-io:jar:1.3.2
2018-07-15 21:00:44,790 [Worker-81] WARN  o.e.m.c.i.embedder.EclipseLogger - The artifact org.apache.commons:commons-io:jar:1.3.2 has been relocated to commons-io:commons-io:jar:1.3.2
2018-07-15 21:00:45,294 [Worker-81] INFO  o.e.m.j.i.AbstractJavaProjectConfigurator - Adding source folder /emp/src/main/java
2018-07-15 21:00:45,294 [Worker-81] INFO  o.e.m.j.i.AbstractJavaProjectConfigurator - Adding resource folder /emp/src/main/resources
2018-07-15 21:00:45,295 [Worker-81] INFO  o.e.m.j.i.AbstractJavaProjectConfigurator - Adding source folder /emp/src/test/java
2018-07-15 21:00:45,410 [Worker-81] ERROR o.e.m2e.wtp.WTPProjectConfigurator - Unable to configure emp
org.eclipse.m2e.wtp.MarkedException: Unable to configure emp
	at org.eclipse.m2e.wtp.AbstractProjectConfiguratorDelegate.configureProject(AbstractProjectConfiguratorDelegate.java:98) ~[na:na]
	at org.eclipse.m2e.wtp.WTPProjectConfigurator.configure(WTPProjectConfigurator.java:68) ~[na:na]
	at org.eclipse.m2e.core.project.configurator.AbstractLifecycleMapping.configure(AbstractLifecycleMapping.java:120) [org.eclipse.m2e.core_1.7.0.20160603-1933.jar:na]
	at org.eclipse.m2e.core.internal.project.ProjectConfigurationManager$3.call(ProjectConfigurationManager.java:501) [org.eclipse.m2e.core_1.7.0.20160603-1933.jar:na]
	at org.eclipse.m2e.core.internal.project.ProjectConfigurationManager$3.call(ProjectConfigurationManager.java:1) [org.eclipse.m2e.core_1.7.0.20160603-1933.jar:na]
	at org.eclipse.m2e.core.internal.embedder.MavenExecutionContext.executeBare(MavenExecutionContext.java:176) [org.eclipse.m2e.core_1.7.0.20160603-1933.jar:na]
	at org.eclipse.m2e.core.internal.embedder.MavenExecutionContext.execute(MavenExecutionContext.java:151) [org.eclipse.m2e.core_1.7.0.20160603-1933.jar:na]
	at org.eclipse.m2e.core.internal.project.ProjectConfigurationManager.updateProjectConfiguration(ProjectConfigurationManager.java:494) [org.eclipse.m2e.core_1.7.0.20160603-1933.jar:na]
	at org.eclipse.m2e.core.internal.project.ProjectConfigurationManager.updateProjectConfiguration0(ProjectConfigurationManager.java:432) [org.eclipse.m2e.core_1.7.0.20160603-1933.jar:na]
	at org.eclipse.m2e.core.internal.project.ProjectConfigurationManager$2.call(ProjectConfigurationManager.java:345) [org.eclipse.m2e.core_1.7.0.20160603-1933.jar:na]
	at org.eclipse.m2e.core.internal.project.ProjectConfigurationManager$2.call(ProjectConfigurationManager.java:1) [org.eclipse.m2e.core_1.7.0.20160603-1933.jar:na]
	at org.eclipse.m2e.core.internal.embedder.MavenExecutionContext.executeBare(MavenExecutionContext.java:176) [org.eclipse.m2e.core_1.7.0.20160603-1933.jar:na]
	at org.eclipse.m2e.core.internal.embedder.MavenExecutionContext.execute(MavenExecutionContext.java:151) [org.eclipse.m2e.core_1.7.0.20160603-1933.jar:na]
	at org.eclipse.m2e.core.internal.embedder.MavenExecutionContext.execute(MavenExecutionContext.java:99) [org.eclipse.m2e.core_1.7.0.20160603-1933.jar:na]
	at org.eclipse.m2e.core.internal.embedder.MavenImpl.execute(MavenImpl.java:1351) [org.eclipse.m2e.core_1.7.0.20160603-1933.jar:na]
	at org.eclipse.m2e.core.internal.project.ProjectConfigurationManager.updateProjectConfiguration(ProjectConfigurationManager.java:342) [org.eclipse.m2e.core_1.7.0.20160603-1933.jar:na]
	at org.eclipse.m2e.core.ui.internal.UpdateMavenProjectJob.runInWorkspace(UpdateMavenProjectJob.java:77) [org.eclipse.m2e.core.ui_1.7.0.20160603-1933.jar:na]
	at org.eclipse.core.internal.resources.InternalWorkspaceJob.run(InternalWorkspaceJob.java:39) [org.eclipse.core.resources_3.11.1.v20161107-2032.jar:na]
	at org.eclipse.core.internal.jobs.Worker.run(Worker.java:55) [org.eclipse.core.jobs_3.8.0.v20160509-0411.jar:na]
Caused by: org.eclipse.core.runtime.CoreException: One or more constraints have not been satisfied.
	at org.eclipse.wst.common.project.facet.core.internal.FacetedProject.modifyInternal(FacetedProject.java:363) ~[na:na]
	at org.eclipse.wst.common.project.facet.core.internal.FacetedProject.mergeChangesInternal(FacetedProject.java:1181) ~[na:na]
	at org.eclipse.wst.common.project.facet.core.internal.FacetedProject.access$2(FacetedProject.java:1117) ~[na:na]
	at org.eclipse.wst.common.project.facet.core.internal.FacetedProject$1.run(FacetedProject.java:324) ~[na:na]
	at org.eclipse.core.internal.resources.Workspace.run(Workspace.java:2240) ~[org.eclipse.core.resources_3.11.1.v20161107-2032.jar:na]
	at org.eclipse.core.internal.resources.Workspace.run(Workspace.java:2267) ~[org.eclipse.core.resources_3.11.1.v20161107-2032.jar:na]
	at org.eclipse.wst.common.project.facet.core.internal.FacetedProject.modify(FacetedProject.java:339) ~[na:na]
	at org.eclipse.m2e.wtp.WebProjectConfiguratorDelegate.configure(WebProjectConfiguratorDelegate.java:136) ~[na:na]
	at org.eclipse.m2e.wtp.AbstractProjectConfiguratorDelegate.configureProject(AbstractProjectConfiguratorDelegate.java:94) ~[na:na]
	... 18 common frames omitted
2018-07-15 21:00:45,687 [Worker-81] WARN  o.e.m.c.i.embedder.EclipseLogger - The artifact org.apache.commons:commons-io:jar:1.3.2 has been relocated to commons-io:commons-io:jar:1.3.2
2018-07-15 21:00:45,974 [Worker-81] INFO  o.e.m.w.i.f.ResourceFilteringBuildParticipant - Cleaning filtered folder for emp
2018-07-15 21:00:46,011 [Worker-81] INFO  o.e.m.c.i.p.ProjectConfigurationManager - Update completed: 3 sec
2018-07-15 21:02:05,804 [Worker-106] WARN  o.e.m.c.i.embedder.EclipseLogger - The artifact org.apache.commons:commons-io:jar:1.3.2 has been relocated to commons-io:commons-io:jar:1.3.2
2018-07-15 21:02:10,994 [Worker-99] INFO  o.e.m.c.i.p.ProjectConfigurationManager - Update started
2018-07-15 21:02:11,825 [Worker-99] INFO  o.e.m.c.i.l.LifecycleMappingFactory - Using org.maven.ide.eclipse.wtp.WarLifecycleMapping lifecycle mapping for MavenProject: com.kaisn:emp:emp.1.0 @ D:\Users\lijing\workspace\ssm_crud\emp\pom.xml.
2018-07-15 21:02:12,016 [Worker-99] WARN  o.e.m.c.i.embedder.EclipseLogger - The artifact org.apache.commons:commons-io:jar:1.3.2 has been relocated to commons-io:commons-io:jar:1.3.2
2018-07-15 21:02:12,177 [Worker-99] WARN  o.e.m.c.i.embedder.EclipseLogger - The artifact org.apache.commons:commons-io:jar:1.3.2 has been relocated to commons-io:commons-io:jar:1.3.2
2018-07-15 21:02:12,700 [Worker-99] WARN  o.e.m.c.i.embedder.EclipseLogger - The artifact org.apache.commons:commons-io:jar:1.3.2 has been relocated to commons-io:commons-io:jar:1.3.2
2018-07-15 21:02:13,221 [Worker-99] INFO  o.e.m.j.i.AbstractJavaProjectConfigurator - Adding source folder /emp/src/main/java
2018-07-15 21:02:13,222 [Worker-99] INFO  o.e.m.j.i.AbstractJavaProjectConfigurator - Adding resource folder /emp/src/main/resources
2018-07-15 21:02:13,222 [Worker-99] INFO  o.e.m.j.i.AbstractJavaProjectConfigurator - Adding source folder /emp/src/test/java
2018-07-15 21:02:13,355 [Worker-99] ERROR o.e.m2e.wtp.WTPProjectConfigurator - Unable to configure emp
org.eclipse.m2e.wtp.MarkedException: Unable to configure emp
	at org.eclipse.m2e.wtp.AbstractProjectConfiguratorDelegate.configureProject(AbstractProjectConfiguratorDelegate.java:98) ~[na:na]
	at org.eclipse.m2e.wtp.WTPProjectConfigurator.configure(WTPProjectConfigurator.java:68) ~[na:na]
	at org.eclipse.m2e.core.project.configurator.AbstractLifecycleMapping.configure(AbstractLifecycleMapping.java:120) [org.eclipse.m2e.core_1.7.0.20160603-1933.jar:na]
	at org.eclipse.m2e.core.internal.project.ProjectConfigurationManager$3.call(ProjectConfigurationManager.java:501) [org.eclipse.m2e.core_1.7.0.20160603-1933.jar:na]
	at org.eclipse.m2e.core.internal.project.ProjectConfigurationManager$3.call(ProjectConfigurationManager.java:1) [org.eclipse.m2e.core_1.7.0.20160603-1933.jar:na]
	at org.eclipse.m2e.core.internal.embedder.MavenExecutionContext.executeBare(MavenExecutionContext.java:176) [org.eclipse.m2e.core_1.7.0.20160603-1933.jar:na]
	at org.eclipse.m2e.core.internal.embedder.MavenExecutionContext.execute(MavenExecutionContext.java:151) [org.eclipse.m2e.core_1.7.0.20160603-1933.jar:na]
	at org.eclipse.m2e.core.internal.project.ProjectConfigurationManager.updateProjectConfiguration(ProjectConfigurationManager.java:494) [org.eclipse.m2e.core_1.7.0.20160603-1933.jar:na]
	at org.eclipse.m2e.core.internal.project.ProjectConfigurationManager.updateProjectConfiguration0(ProjectConfigurationManager.java:432) [org.eclipse.m2e.core_1.7.0.20160603-1933.jar:na]
	at org.eclipse.m2e.core.internal.project.ProjectConfigurationManager$2.call(ProjectConfigurationManager.java:345) [org.eclipse.m2e.core_1.7.0.20160603-1933.jar:na]
	at org.eclipse.m2e.core.internal.project.ProjectConfigurationManager$2.call(ProjectConfigurationManager.java:1) [org.eclipse.m2e.core_1.7.0.20160603-1933.jar:na]
	at org.eclipse.m2e.core.internal.embedder.MavenExecutionContext.executeBare(MavenExecutionContext.java:176) [org.eclipse.m2e.core_1.7.0.20160603-1933.jar:na]
	at org.eclipse.m2e.core.internal.embedder.MavenExecutionContext.execute(MavenExecutionContext.java:151) [org.eclipse.m2e.core_1.7.0.20160603-1933.jar:na]
	at org.eclipse.m2e.core.internal.embedder.MavenExecutionContext.execute(MavenExecutionContext.java:99) [org.eclipse.m2e.core_1.7.0.20160603-1933.jar:na]
	at org.eclipse.m2e.core.internal.embedder.MavenImpl.execute(MavenImpl.java:1351) [org.eclipse.m2e.core_1.7.0.20160603-1933.jar:na]
	at org.eclipse.m2e.core.internal.project.ProjectConfigurationManager.updateProjectConfiguration(ProjectConfigurationManager.java:342) [org.eclipse.m2e.core_1.7.0.20160603-1933.jar:na]
	at org.eclipse.m2e.core.ui.internal.UpdateMavenProjectJob.runInWorkspace(UpdateMavenProjectJob.java:77) [org.eclipse.m2e.core.ui_1.7.0.20160603-1933.jar:na]
	at org.eclipse.core.internal.resources.InternalWorkspaceJob.run(InternalWorkspaceJob.java:39) [org.eclipse.core.resources_3.11.1.v20161107-2032.jar:na]
	at org.eclipse.core.internal.jobs.Worker.run(Worker.java:55) [org.eclipse.core.jobs_3.8.0.v20160509-0411.jar:na]
Caused by: org.eclipse.core.runtime.CoreException: One or more constraints have not been satisfied.
	at org.eclipse.wst.common.project.facet.core.internal.FacetedProject.modifyInternal(FacetedProject.java:363) ~[na:na]
	at org.eclipse.wst.common.project.facet.core.internal.FacetedProject.mergeChangesInternal(FacetedProject.java:1181) ~[na:na]
	at org.eclipse.wst.common.project.facet.core.internal.FacetedProject.access$2(FacetedProject.java:1117) ~[na:na]
	at org.eclipse.wst.common.project.facet.core.internal.FacetedProject$1.run(FacetedProject.java:324) ~[na:na]
	at org.eclipse.core.internal.resources.Workspace.run(Workspace.java:2240) ~[org.eclipse.core.resources_3.11.1.v20161107-2032.jar:na]
	at org.eclipse.core.internal.resources.Workspace.run(Workspace.java:2267) ~[org.eclipse.core.resources_3.11.1.v20161107-2032.jar:na]
	at org.eclipse.wst.common.project.facet.core.internal.FacetedProject.modify(FacetedProject.java:339) ~[na:na]
	at org.eclipse.m2e.wtp.WebProjectConfiguratorDelegate.configure(WebProjectConfiguratorDelegate.java:136) ~[na:na]
	at org.eclipse.m2e.wtp.AbstractProjectConfiguratorDelegate.configureProject(AbstractProjectConfiguratorDelegate.java:94) ~[na:na]
	... 18 common frames omitted
2018-07-15 21:02:13,679 [Worker-99] WARN  o.e.m.c.i.embedder.EclipseLogger - The artifact org.apache.commons:commons-io:jar:1.3.2 has been relocated to commons-io:commons-io:jar:1.3.2
2018-07-15 21:02:13,860 [Worker-99] INFO  o.e.m.w.i.f.ResourceFilteringBuildParticipant - Cleaning filtered folder for emp
2018-07-15 21:02:13,869 [Worker-99] INFO  o.e.m.c.i.p.ProjectConfigurationManager - Update completed: 2 sec
2018-07-15 21:07:49,256 [Worker-104] INFO  o.e.m.i.launch.MavenLaunchDelegate - D:\Users\lijing\workspace\ssm_crud\emp
2018-07-15 21:07:49,256 [Worker-104] INFO  o.e.m.i.launch.MavenLaunchDelegate -  mvn -B -Dmaven.test.skip=true -DskipTests --threads 4 -s D:\Software\apache-maven-3.5.2\conf\settings.xml clean install
2018-07-15 21:08:20,750 [Worker-107] INFO  o.e.m.i.launch.MavenLaunchDelegate - D:\Users\lijing\workspace\ssm_crud\emp
2018-07-15 21:08:20,750 [Worker-107] INFO  o.e.m.i.launch.MavenLaunchDelegate -  mvn -B -s D:\Software\apache-maven-3.5.2\conf\settings.xml tomcat7:run
2018-07-15 21:12:26,843 [Worker-105] INFO  o.e.m.i.launch.MavenLaunchDelegate - D:\Users\lijing\workspace\ssm_crud\emp
2018-07-15 21:12:26,844 [Worker-105] INFO  o.e.m.i.launch.MavenLaunchDelegate -  mvn -B -Dmaven.test.skip=true -DskipTests --threads 4 -s D:\Software\apache-maven-3.5.2\conf\settings.xml clean install
2018-07-15 21:12:44,697 [Worker-106] INFO  o.e.m.i.launch.MavenLaunchDelegate - D:\Users\lijing\workspace\ssm_crud\emp
2018-07-15 21:12:44,697 [Worker-106] INFO  o.e.m.i.launch.MavenLaunchDelegate -  mvn -B -s D:\Software\apache-maven-3.5.2\conf\settings.xml tomcat7:run
2018-07-15 21:31:46,315 [Worker-110] INFO  o.e.m.i.launch.MavenLaunchDelegate - D:\Users\lijing\workspace\ssm_crud\emp
2018-07-15 21:31:46,316 [Worker-110] INFO  o.e.m.i.launch.MavenLaunchDelegate -  mvn -B -Dmaven.test.skip=true -DskipTests --threads 4 -s D:\Software\apache-maven-3.5.2\conf\settings.xml clean install
2018-07-15 21:32:39,722 [Worker-105] INFO  o.e.m.i.launch.MavenLaunchDelegate - D:\Users\lijing\workspace\ssm_crud\emp
2018-07-15 21:32:39,722 [Worker-105] INFO  o.e.m.i.launch.MavenLaunchDelegate -  mvn -B -s D:\Software\apache-maven-3.5.2\conf\settings.xml tomcat7:run
2018-07-15 21:59:53,751 [Worker-107] INFO  o.e.m.i.launch.MavenLaunchDelegate - D:\Users\lijing\workspace\ssm_crud\emp
2018-07-15 21:59:53,756 [Worker-107] INFO  o.e.m.i.launch.MavenLaunchDelegate -  mvn -B -Dmaven.test.skip=true -DskipTests --threads 4 -s D:\Software\apache-maven-3.5.2\conf\settings.xml clean install
2018-07-15 22:00:15,862 [Worker-105] INFO  o.e.m.i.launch.MavenLaunchDelegate - D:\Users\lijing\workspace\ssm_crud\emp
2018-07-15 22:00:15,862 [Worker-105] INFO  o.e.m.i.launch.MavenLaunchDelegate -  mvn -B -s D:\Software\apache-maven-3.5.2\conf\settings.xml tomcat7:run
2018-07-15 22:09:10,335 [Worker-108] INFO  o.e.m.i.launch.MavenLaunchDelegate - D:\Users\lijing\workspace\ssm_crud\emp
2018-07-15 22:09:10,335 [Worker-108] INFO  o.e.m.i.launch.MavenLaunchDelegate -  mvn -B -Dmaven.test.skip=true -DskipTests --threads 4 -s D:\Software\apache-maven-3.5.2\conf\settings.xml clean install
2018-07-15 22:09:31,951 [Worker-113] INFO  o.e.m.i.launch.MavenLaunchDelegate - D:\Users\lijing\workspace\ssm_crud\emp
2018-07-15 22:09:31,952 [Worker-113] INFO  o.e.m.i.launch.MavenLaunchDelegate -  mvn -B -s D:\Software\apache-maven-3.5.2\conf\settings.xml tomcat7:run
2018-07-15 22:16:37,223 [Worker-112] INFO  o.e.m.c.i.p.ProjectConfigurationManager - Update started
2018-07-15 22:16:37,601 [Worker-112] INFO  o.e.m.c.i.l.LifecycleMappingFactory - Using org.maven.ide.eclipse.wtp.WarLifecycleMapping lifecycle mapping for MavenProject: com.kaisn:emp:emp.1.0 @ D:\Users\lijing\workspace\ssm_crud\emp\pom.xml.
2018-07-15 22:16:37,771 [Worker-112] WARN  o.e.m.c.i.embedder.EclipseLogger - The artifact org.apache.commons:commons-io:jar:1.3.2 has been relocated to commons-io:commons-io:jar:1.3.2
2018-07-15 22:16:37,925 [Worker-112] WARN  o.e.m.c.i.embedder.EclipseLogger - The artifact org.apache.commons:commons-io:jar:1.3.2 has been relocated to commons-io:commons-io:jar:1.3.2
2018-07-15 22:16:38,372 [Worker-112] WARN  o.e.m.c.i.embedder.EclipseLogger - The artifact org.apache.commons:commons-io:jar:1.3.2 has been relocated to commons-io:commons-io:jar:1.3.2
2018-07-15 22:16:39,364 [Worker-112] INFO  o.e.m.j.i.AbstractJavaProjectConfigurator - Adding source folder /emp/src/main/java
2018-07-15 22:16:39,365 [Worker-112] INFO  o.e.m.j.i.AbstractJavaProjectConfigurator - Adding resource folder /emp/src/main/resources
2018-07-15 22:16:39,366 [Worker-112] INFO  o.e.m.j.i.AbstractJavaProjectConfigurator - Adding source folder /emp/src/test/java
2018-07-15 22:16:39,598 [Worker-112] ERROR o.e.m2e.wtp.WTPProjectConfigurator - Unable to configure emp
org.eclipse.m2e.wtp.MarkedException: Unable to configure emp
	at org.eclipse.m2e.wtp.AbstractProjectConfiguratorDelegate.configureProject(AbstractProjectConfiguratorDelegate.java:98) ~[na:na]
	at org.eclipse.m2e.wtp.WTPProjectConfigurator.configure(WTPProjectConfigurator.java:68) ~[na:na]
	at org.eclipse.m2e.core.project.configurator.AbstractLifecycleMapping.configure(AbstractLifecycleMapping.java:120) [org.eclipse.m2e.core_1.7.0.20160603-1933.jar:na]
	at org.eclipse.m2e.core.internal.project.ProjectConfigurationManager$3.call(ProjectConfigurationManager.java:501) [org.eclipse.m2e.core_1.7.0.20160603-1933.jar:na]
	at org.eclipse.m2e.core.internal.project.ProjectConfigurationManager$3.call(ProjectConfigurationManager.java:1) [org.eclipse.m2e.core_1.7.0.20160603-1933.jar:na]
	at org.eclipse.m2e.core.internal.embedder.MavenExecutionContext.executeBare(MavenExecutionContext.java:176) [org.eclipse.m2e.core_1.7.0.20160603-1933.jar:na]
	at org.eclipse.m2e.core.internal.embedder.MavenExecutionContext.execute(MavenExecutionContext.java:151) [org.eclipse.m2e.core_1.7.0.20160603-1933.jar:na]
	at org.eclipse.m2e.core.internal.project.ProjectConfigurationManager.updateProjectConfiguration(ProjectConfigurationManager.java:494) [org.eclipse.m2e.core_1.7.0.20160603-1933.jar:na]
	at org.eclipse.m2e.core.internal.project.ProjectConfigurationManager.updateProjectConfiguration0(ProjectConfigurationManager.java:432) [org.eclipse.m2e.core_1.7.0.20160603-1933.jar:na]
	at org.eclipse.m2e.core.internal.project.ProjectConfigurationManager$2.call(ProjectConfigurationManager.java:345) [org.eclipse.m2e.core_1.7.0.20160603-1933.jar:na]
	at org.eclipse.m2e.core.internal.project.ProjectConfigurationManager$2.call(ProjectConfigurationManager.java:1) [org.eclipse.m2e.core_1.7.0.20160603-1933.jar:na]
	at org.eclipse.m2e.core.internal.embedder.MavenExecutionContext.executeBare(MavenExecutionContext.java:176) [org.eclipse.m2e.core_1.7.0.20160603-1933.jar:na]
	at org.eclipse.m2e.core.internal.embedder.MavenExecutionContext.execute(MavenExecutionContext.java:151) [org.eclipse.m2e.core_1.7.0.20160603-1933.jar:na]
	at org.eclipse.m2e.core.internal.embedder.MavenExecutionContext.execute(MavenExecutionContext.java:99) [org.eclipse.m2e.core_1.7.0.20160603-1933.jar:na]
	at org.eclipse.m2e.core.internal.embedder.MavenImpl.execute(MavenImpl.java:1351) [org.eclipse.m2e.core_1.7.0.20160603-1933.jar:na]
	at org.eclipse.m2e.core.internal.project.ProjectConfigurationManager.updateProjectConfiguration(ProjectConfigurationManager.java:342) [org.eclipse.m2e.core_1.7.0.20160603-1933.jar:na]
	at org.eclipse.m2e.core.ui.internal.UpdateMavenProjectJob.runInWorkspace(UpdateMavenProjectJob.java:77) [org.eclipse.m2e.core.ui_1.7.0.20160603-1933.jar:na]
	at org.eclipse.core.internal.resources.InternalWorkspaceJob.run(InternalWorkspaceJob.java:39) [org.eclipse.core.resources_3.11.1.v20161107-2032.jar:na]
	at org.eclipse.core.internal.jobs.Worker.run(Worker.java:55) [org.eclipse.core.jobs_3.8.0.v20160509-0411.jar:na]
Caused by: org.eclipse.core.runtime.CoreException: One or more constraints have not been satisfied.
	at org.eclipse.wst.common.project.facet.core.internal.FacetedProject.modifyInternal(FacetedProject.java:363) ~[na:na]
	at org.eclipse.wst.common.project.facet.core.internal.FacetedProject.mergeChangesInternal(FacetedProject.java:1181) ~[na:na]
	at org.eclipse.wst.common.project.facet.core.internal.FacetedProject.access$2(FacetedProject.java:1117) ~[na:na]
	at org.eclipse.wst.common.project.facet.core.internal.FacetedProject$1.run(FacetedProject.java:324) ~[na:na]
	at org.eclipse.core.internal.resources.Workspace.run(Workspace.java:2240) ~[org.eclipse.core.resources_3.11.1.v20161107-2032.jar:na]
	at org.eclipse.core.internal.resources.Workspace.run(Workspace.java:2267) ~[org.eclipse.core.resources_3.11.1.v20161107-2032.jar:na]
	at org.eclipse.wst.common.project.facet.core.internal.FacetedProject.modify(FacetedProject.java:339) ~[na:na]
	at org.eclipse.m2e.wtp.WebProjectConfiguratorDelegate.configure(WebProjectConfiguratorDelegate.java:136) ~[na:na]
	at org.eclipse.m2e.wtp.AbstractProjectConfiguratorDelegate.configureProject(AbstractProjectConfiguratorDelegate.java:94) ~[na:na]
	... 18 common frames omitted
2018-07-15 22:16:39,865 [Worker-112] WARN  o.e.m.c.i.embedder.EclipseLogger - The artifact org.apache.commons:commons-io:jar:1.3.2 has been relocated to commons-io:commons-io:jar:1.3.2
2018-07-15 22:16:40,221 [Worker-112] INFO  o.e.m.w.i.f.ResourceFilteringBuildParticipant - Cleaning filtered folder for emp
2018-07-15 22:16:40,244 [Worker-112] INFO  o.e.m.c.i.p.ProjectConfigurationManager - Update completed: 3 sec
2018-07-20 19:57:08,421 [Worker-11] WARN  o.e.m.c.i.embedder.EclipseLogger - The artifact org.apache.commons:commons-io:jar:1.3.2 has been relocated to commons-io:commons-io:jar:1.3.2
2018-07-20 20:24:11,772 [Worker-22] INFO  o.e.m.c.i.l.LifecycleMappingFactory - Using org.maven.ide.eclipse.wtp.WarLifecycleMapping lifecycle mapping for MavenProject: com.kaisn:emp:emp.1.0 @ D:\Users\lijing\workspace\ssm_crud\ssm_study\emp\pom.xml.
2018-07-20 20:24:12,051 [Worker-22] WARN  o.e.m.c.i.embedder.EclipseLogger - The artifact org.apache.commons:commons-io:jar:1.3.2 has been relocated to commons-io:commons-io:jar:1.3.2
2018-07-20 20:24:12,390 [Worker-22] WARN  o.e.m.c.i.embedder.EclipseLogger - The artifact org.apache.commons:commons-io:jar:1.3.2 has been relocated to commons-io:commons-io:jar:1.3.2
2018-07-20 20:24:12,938 [Worker-22] WARN  o.e.m.c.i.embedder.EclipseLogger - The artifact org.apache.commons:commons-io:jar:1.3.2 has been relocated to commons-io:commons-io:jar:1.3.2
2018-07-20 20:24:13,254 [Worker-22] INFO  o.e.m.w.i.f.ResourceFilteringBuildParticipant - Cleaning filtered folder for emp
2018-07-20 20:24:15,477 [Worker-18] WARN  o.e.m.c.i.embedder.EclipseLogger - The artifact org.apache.commons:commons-io:jar:1.3.2 has been relocated to commons-io:commons-io:jar:1.3.2
2018-07-20 20:24:15,755 [Worker-18] WARN  o.e.m.c.i.embedder.EclipseLogger - Using platform encoding (GBK actually) to copy filtered resources, i.e. build is platform dependent!
2018-07-20 20:24:15,762 [Worker-18] INFO  o.e.m.c.i.embedder.EclipseLogger - Copying 7 resources
2018-07-20 20:24:15,800 [Worker-18] WARN  o.e.m.c.i.embedder.EclipseLogger - Using platform encoding (GBK actually) to copy filtered resources, i.e. build is platform dependent!
2018-07-20 20:24:15,801 [Worker-18] INFO  o.e.m.c.i.embedder.EclipseLogger - skip non existing resourceDirectory D:\Users\lijing\workspace\ssm_crud\ssm_study\emp\src\test\resources
2018-07-20 20:24:15,801 [Worker-18] INFO  o.e.m.w.i.f.ResourceFilteringBuildParticipant - Changed resources require a complete clean of filtered resources of emp
2018-07-20 20:24:15,802 [Worker-18] INFO  o.e.m.w.i.f.ResourceFilteringBuildParticipant - Executing resource filtering for emp
2018-07-20 20:24:15,807 [Worker-18] WARN  o.e.m.c.i.embedder.EclipseLogger - Using platform encoding (GBK actually) to copy filtered resources, i.e. build is platform dependent!
2018-07-20 20:51:55,437 [Worker-33] WARN  o.e.m.c.i.embedder.EclipseLogger - Using platform encoding (GBK actually) to copy filtered resources, i.e. build is platform dependent!
2018-07-20 20:51:55,490 [Worker-33] INFO  o.e.m.c.i.embedder.EclipseLogger - Copying 7 resources
2018-07-20 20:51:55,494 [Worker-33] WARN  o.e.m.c.i.embedder.EclipseLogger - Using platform encoding (GBK actually) to copy filtered resources, i.e. build is platform dependent!
2018-07-20 20:51:55,497 [Worker-33] INFO  o.e.m.c.i.embedder.EclipseLogger - skip non existing resourceDirectory D:\Users\lijing\workspace\ssm_crud\ssm_study\emp\src\test\resources
2018-07-20 20:56:10,872 [Worker-35] INFO  o.e.m.i.launch.MavenLaunchDelegate - D:\Users\lijing\workspace\ssm_crud\ssm_study\emp
2018-07-20 20:56:10,873 [Worker-35] INFO  o.e.m.i.launch.MavenLaunchDelegate -  mvn -B -s D:\Software\apache-maven-3.5.2\conf\settings.xml tomcat7:run
2018-07-20 21:37:18,989 [Worker-54] INFO  o.e.m.i.launch.MavenLaunchDelegate - D:\Users\lijing\workspace\ssm_crud\ssm_study\emp
2018-07-20 21:37:18,991 [Worker-54] INFO  o.e.m.i.launch.MavenLaunchDelegate -  mvn -B -s D:\Software\apache-maven-3.5.2\conf\settings.xml tomcat7:run
2018-07-20 21:40:13,780 [Worker-50] INFO  o.e.m.i.launch.MavenLaunchDelegate - D:\Users\lijing\workspace\ssm_crud\ssm_study\emp
2018-07-20 21:40:13,780 [Worker-50] INFO  o.e.m.i.launch.MavenLaunchDelegate -  mvn -B -s D:\Software\apache-maven-3.5.2\conf\settings.xml tomcat7:run
2018-07-20 21:41:59,087 [Worker-53] INFO  o.e.m.i.launch.MavenLaunchDelegate - D:\Users\lijing\workspace\ssm_crud\ssm_study\emp
2018-07-20 21:41:59,087 [Worker-53] INFO  o.e.m.i.launch.MavenLaunchDelegate -  mvn -B -s D:\Software\apache-maven-3.5.2\conf\settings.xml tomcat7:run
2018-07-20 21:51:34,330 [Worker-55] INFO  o.e.m.i.launch.MavenLaunchDelegate - D:\Users\lijing\workspace\ssm_crud\ssm_study\emp
2018-07-20 21:51:34,330 [Worker-55] INFO  o.e.m.i.launch.MavenLaunchDelegate -  mvn -B -s D:\Software\apache-maven-3.5.2\conf\settings.xml tomcat7:run
2018-07-20 21:55:03,773 [Worker-53] INFO  o.e.m.i.launch.MavenLaunchDelegate - D:\Users\lijing\workspace\ssm_crud\ssm_study\emp
2018-07-20 21:55:03,773 [Worker-53] INFO  o.e.m.i.launch.MavenLaunchDelegate -  mvn -B -s D:\Software\apache-maven-3.5.2\conf\settings.xml tomcat7:run
2018-07-20 21:59:52,020 [Worker-64] INFO  o.e.m.i.launch.MavenLaunchDelegate - D:\Users\lijing\workspace\ssm_crud\ssm_study\emp
2018-07-20 21:59:52,020 [Worker-64] INFO  o.e.m.i.launch.MavenLaunchDelegate -  mvn -B -s D:\Software\apache-maven-3.5.2\conf\settings.xml tomcat7:run
2018-07-20 22:48:08,803 [Worker-85] INFO  o.e.m.i.launch.MavenLaunchDelegate - D:\Users\lijing\workspace\ssm_crud\ssm_study\emp
2018-07-20 22:48:08,804 [Worker-85] INFO  o.e.m.i.launch.MavenLaunchDelegate -  mvn -B -s D:\Software\apache-maven-3.5.2\conf\settings.xml tomcat7:run
2018-07-21 06:50:47,998 [Worker-18] INFO  o.e.m.i.launch.MavenLaunchDelegate - D:\Users\lijing\workspace\ssm_crud\ssm_study\emp
2018-07-21 06:50:48,027 [Worker-18] INFO  o.e.m.i.launch.MavenLaunchDelegate -  mvn -B -s D:\Software\apache-maven-3.5.2\conf\settings.xml tomcat7:run
2018-07-21 06:50:59,613 [Worker-21] INFO  o.e.m.i.launch.MavenLaunchDelegate - D:\Users\lijing\workspace\ssm_crud\ssm_study\emp
2018-07-21 06:50:59,614 [Worker-21] INFO  o.e.m.i.launch.MavenLaunchDelegate -  mvn -B -Dmaven.test.skip=true -DskipTests --threads 4 -s D:\Software\apache-maven-3.5.2\conf\settings.xml clean install
2018-07-21 06:51:28,117 [Worker-19] INFO  o.e.m.i.launch.MavenLaunchDelegate - D:\Users\lijing\workspace\ssm_crud\ssm_study\emp
2018-07-21 06:51:28,117 [Worker-19] INFO  o.e.m.i.launch.MavenLaunchDelegate -  mvn -B -s D:\Software\apache-maven-3.5.2\conf\settings.xml tomcat7:run
2018-07-21 06:58:25,291 [Worker-11] INFO  o.e.m.i.launch.MavenLaunchDelegate - D:\Users\lijing\workspace\ssm_crud\ssm_study\emp
2018-07-21 06:58:25,291 [Worker-11] INFO  o.e.m.i.launch.MavenLaunchDelegate -  mvn -B -Dmaven.test.skip=true -DskipTests --threads 4 -s D:\Software\apache-maven-3.5.2\conf\settings.xml clean install
2018-07-21 06:58:38,132 [Worker-21] INFO  o.e.m.i.launch.MavenLaunchDelegate - D:\Users\lijing\workspace\ssm_crud\ssm_study\emp
2018-07-21 06:58:38,132 [Worker-21] INFO  o.e.m.i.launch.MavenLaunchDelegate -  mvn -B -s D:\Software\apache-maven-3.5.2\conf\settings.xml tomcat7:run
2018-07-21 06:59:40,269 [Worker-21] INFO  o.e.m.i.launch.MavenLaunchDelegate - D:\Users\lijing\workspace\ssm_crud\ssm_study\emp
2018-07-21 06:59:40,270 [Worker-21] INFO  o.e.m.i.launch.MavenLaunchDelegate -  mvn -B -Dmaven.test.skip=true -DskipTests --threads 4 -s D:\Software\apache-maven-3.5.2\conf\settings.xml clean install
2018-07-21 06:59:51,672 [Worker-29] INFO  o.e.m.i.launch.MavenLaunchDelegate - D:\Users\lijing\workspace\ssm_crud\ssm_study\emp
2018-07-21 06:59:51,672 [Worker-29] INFO  o.e.m.i.launch.MavenLaunchDelegate -  mvn -B -s D:\Software\apache-maven-3.5.2\conf\settings.xml tomcat7:run
2018-07-21 11:26:47,037 [Worker-92] INFO  o.e.m.i.launch.MavenLaunchDelegate - D:\Users\lijing\workspace\ssm_crud\ssm_study\emp
2018-07-21 11:26:47,038 [Worker-92] INFO  o.e.m.i.launch.MavenLaunchDelegate -  mvn -B -Dmaven.test.skip=true -DskipTests --threads 4 -s D:\Software\apache-maven-3.5.2\conf\settings.xml clean install
2018-07-21 11:27:46,320 [Worker-94] INFO  o.e.m.i.launch.MavenLaunchDelegate - D:\Users\lijing\workspace\ssm_crud\ssm_study\emp
2018-07-21 11:27:46,320 [Worker-94] INFO  o.e.m.i.launch.MavenLaunchDelegate -  mvn -B -s D:\Software\apache-maven-3.5.2\conf\settings.xml tomcat7:run
2018-07-21 14:58:45,623 [Worker-163] INFO  o.e.m.i.launch.MavenLaunchDelegate - D:\Users\lijing\workspace\ssm_crud\ssm_study\emp
2018-07-21 14:58:45,624 [Worker-163] INFO  o.e.m.i.launch.MavenLaunchDelegate -  mvn -B -Dmaven.test.skip=true -DskipTests --threads 4 -s D:\Software\apache-maven-3.5.2\conf\settings.xml clean install
2018-07-21 14:59:06,608 [Worker-27] INFO  o.e.m.i.launch.MavenLaunchDelegate - D:\Users\lijing\workspace\ssm_crud\ssm_study\emp
2018-07-21 14:59:06,608 [Worker-27] INFO  o.e.m.i.launch.MavenLaunchDelegate -  mvn -B -s D:\Software\apache-maven-3.5.2\conf\settings.xml tomcat7:run
2018-07-21 15:00:23,022 [Worker-158] INFO  o.e.m.i.launch.MavenLaunchDelegate - D:\Users\lijing\workspace\ssm_crud\ssm_study\emp
2018-07-21 15:00:23,022 [Worker-158] INFO  o.e.m.i.launch.MavenLaunchDelegate -  mvn -B -s D:\Software\apache-maven-3.5.2\conf\settings.xml tomcat7:run
2018-07-21 15:06:37,581 [Worker-27] INFO  o.e.m.i.launch.MavenLaunchDelegate - D:\Users\lijing\workspace\ssm_crud\ssm_study\emp
2018-07-21 15:06:37,581 [Worker-27] INFO  o.e.m.i.launch.MavenLaunchDelegate -  mvn -B -Dmaven.test.skip=true -DskipTests --threads 4 -s D:\Software\apache-maven-3.5.2\conf\settings.xml clean install
2018-07-21 15:06:52,980 [Worker-158] INFO  o.e.m.i.launch.MavenLaunchDelegate - D:\Users\lijing\workspace\ssm_crud\ssm_study\emp
2018-07-21 15:06:52,980 [Worker-158] INFO  o.e.m.i.launch.MavenLaunchDelegate -  mvn -B -s D:\Software\apache-maven-3.5.2\conf\settings.xml tomcat7:run
2018-07-21 15:09:47,904 [Worker-161] INFO  o.e.m.i.launch.MavenLaunchDelegate - D:\Users\lijing\workspace\ssm_crud\ssm_study\emp
2018-07-21 15:09:47,904 [Worker-161] INFO  o.e.m.i.launch.MavenLaunchDelegate -  mvn -B -s D:\Software\apache-maven-3.5.2\conf\settings.xml tomcat7:run
2018-07-21 15:09:52,723 [Worker-166] INFO  o.e.m.i.launch.MavenLaunchDelegate - D:\Users\lijing\workspace\ssm_crud\ssm_study\emp
2018-07-21 15:09:52,724 [Worker-166] INFO  o.e.m.i.launch.MavenLaunchDelegate -  mvn -B -Dmaven.test.skip=true -DskipTests --threads 4 -s D:\Software\apache-maven-3.5.2\conf\settings.xml clean install
2018-07-21 15:10:16,038 [Worker-167] INFO  o.e.m.i.launch.MavenLaunchDelegate - D:\Users\lijing\workspace\ssm_crud\ssm_study\emp
2018-07-21 15:10:16,038 [Worker-167] INFO  o.e.m.i.launch.MavenLaunchDelegate -  mvn -B -s D:\Software\apache-maven-3.5.2\conf\settings.xml tomcat7:run
2018-07-21 15:14:34,965 [Worker-171] INFO  o.e.m.i.launch.MavenLaunchDelegate - D:\Users\lijing\workspace\ssm_crud\ssm_study\emp
2018-07-21 15:14:34,966 [Worker-171] INFO  o.e.m.i.launch.MavenLaunchDelegate -  mvn -B -Dmaven.test.skip=true -DskipTests --threads 4 -s D:\Software\apache-maven-3.5.2\conf\settings.xml clean install
2018-07-21 15:14:48,916 [Worker-161] INFO  o.e.m.i.launch.MavenLaunchDelegate - D:\Users\lijing\workspace\ssm_crud\ssm_study\emp
2018-07-21 15:14:48,916 [Worker-161] INFO  o.e.m.i.launch.MavenLaunchDelegate -  mvn -B -s D:\Software\apache-maven-3.5.2\conf\settings.xml tomcat7:run
2018-07-21 15:16:46,993 [Worker-158] INFO  o.e.m.i.launch.MavenLaunchDelegate - D:\Users\lijing\workspace\ssm_crud\ssm_study\emp
2018-07-21 15:16:46,993 [Worker-158] INFO  o.e.m.i.launch.MavenLaunchDelegate -  mvn -B -Dmaven.test.skip=true -DskipTests --threads 4 -s D:\Software\apache-maven-3.5.2\conf\settings.xml clean install
2018-07-21 15:17:00,036 [Worker-165] INFO  o.e.m.i.launch.MavenLaunchDelegate - D:\Users\lijing\workspace\ssm_crud\ssm_study\emp
2018-07-21 15:17:00,036 [Worker-165] INFO  o.e.m.i.launch.MavenLaunchDelegate -  mvn -B -s D:\Software\apache-maven-3.5.2\conf\settings.xml tomcat7:run
2018-07-21 15:19:28,166 [Worker-158] INFO  o.e.m.i.launch.MavenLaunchDelegate - D:\Users\lijing\workspace\ssm_crud\ssm_study\emp
2018-07-21 15:19:28,166 [Worker-158] INFO  o.e.m.i.launch.MavenLaunchDelegate -  mvn -B -s D:\Software\apache-maven-3.5.2\conf\settings.xml tomcat7:run
2018-07-21 15:25:46,752 [Worker-165] INFO  o.e.m.i.launch.MavenLaunchDelegate - D:\Users\lijing\workspace\ssm_crud\ssm_study\emp
2018-07-21 15:25:46,753 [Worker-165] INFO  o.e.m.i.launch.MavenLaunchDelegate -  mvn -B -s D:\Software\apache-maven-3.5.2\conf\settings.xml tomcat7:run
2018-07-21 15:38:29,850 [Worker-169] INFO  o.e.m.i.launch.MavenLaunchDelegate - D:\Users\lijing\workspace\ssm_crud\ssm_study\emp
2018-07-21 15:38:29,850 [Worker-169] INFO  o.e.m.i.launch.MavenLaunchDelegate -  mvn -B -s D:\Software\apache-maven-3.5.2\conf\settings.xml tomcat7:run
2018-07-21 15:57:28,745 [Worker-181] INFO  o.e.m.i.launch.MavenLaunchDelegate - D:\Users\lijing\workspace\ssm_crud\ssm_study\emp
2018-07-21 15:57:28,746 [Worker-181] INFO  o.e.m.i.launch.MavenLaunchDelegate -  mvn -B -Dmaven.test.skip=true -DskipTests --threads 4 -s D:\Software\apache-maven-3.5.2\conf\settings.xml clean install
2018-07-21 15:58:41,657 [Worker-177] INFO  o.e.m.i.launch.MavenLaunchDelegate - D:\Users\lijing\workspace\ssm_crud\ssm_study\emp
2018-07-21 15:58:41,657 [Worker-177] INFO  o.e.m.i.launch.MavenLaunchDelegate -  mvn -B -s D:\Software\apache-maven-3.5.2\conf\settings.xml tomcat7:run
2018-07-21 16:28:50,856 [Worker-177] INFO  o.e.m.i.launch.MavenLaunchDelegate - D:\Users\lijing\workspace\ssm_crud\ssm_study\emp
2018-07-21 16:28:50,856 [Worker-177] INFO  o.e.m.i.launch.MavenLaunchDelegate -  mvn -B -Dmaven.test.skip=true -DskipTests --threads 4 -s D:\Software\apache-maven-3.5.2\conf\settings.xml clean install
2018-07-21 16:29:09,253 [Worker-190] INFO  o.e.m.i.launch.MavenLaunchDelegate - D:\Users\lijing\workspace\ssm_crud\ssm_study\emp
2018-07-21 16:29:09,253 [Worker-190] INFO  o.e.m.i.launch.MavenLaunchDelegate -  mvn -B -s D:\Software\apache-maven-3.5.2\conf\settings.xml tomcat7:run
